State 83 conflicts: 1 shift/reduce


Grammar

    0 $accept: programa $end

    1 programa: cabecera_programa bloque

    2 cabecera_programa: MAIN

    3 bloque: inicio_de_bloque declar_de_variables_locales declar_de_subprogs sentencias fin_de_bloque

    4 inicio_de_bloque: CORIZ

    5 fin_de_bloque: CORDER

    6 declar_de_subprogs: declar_de_subprogs declar_subprog
    7                   | /* empty */

    8 declar_subprog: cabecera_subprograma bloque

    9 declar_de_variables_locales: marca_ini_declar_variables variables_locales marca_fin_declar_variables
   10                            | /* empty */

   11 marca_ini_declar_variables: INICIOV

   12 marca_fin_declar_variables: FINV

   13 variables_locales: variables_locales cuerpo_declar_variables
   14                  | cuerpo_declar_variables

   15 cuerpo_declar_variables: TIPOSIMPLE lista_variables PYC
   16                        | TIPOSIMPLE lista_array PYC

   17 lista_variables: IDENTIFICADOR
   18                | lista_variables COMA IDENTIFICADOR

   19 lista_array: IDENTIFICADOR CORIZ dimension_array CORDER
   20            | lista_array COMA IDENTIFICADOR CORIZ dimension_array CORDER

   21 dimension_array: CONSTANTE_E
   22                | CONSTANTE_E COMA CONSTANTE_E

   23 cabecera_subprograma: PROCED IDENTIFICADOR PARIZ declar_parametros PARDER

   24 declar_parametros: param_simple
   25                  | param_array
   26                  | declar_parametros COMA param_simple
   27                  | declar_parametros COMA param_array

   28 param_simple: TIPOSIMPLE IDENTIFICADOR

   29 param_array: TIPOSIMPLE IDENTIFICADOR CORIZ CORDER
   30            | TIPOSIMPLE IDENTIFICADOR CORIZ CORDER CORIZ CONSTANTE_E CORDER

   31 sentencias: sentencias sentencia
   32           | sentencia

   33 sentencia: bloque
   34          | sentencia_asignacion
   35          | sentencia_if
   36          | sentencia_while
   37          | sentencia_entrada
   38          | sentencia_salida
   39          | procedimiento
   40          | sentencia_case

   41 sentencia_asignacion: iden_array ASIG expresion PYC
   42                     | IDENTIFICADOR ASIG expresion PYC

   43 expresion: PARIZ expresion PARDER
   44          | OPU expresion
   45          | expresion OPBIG expresion
   46          | expresion OPBLOG expresion
   47          | expresion OPB expresion
   48          | expresion SUMA_RESTA expresion
   49          | iden_array
   50          | CONSTANTE
   51          | CONSTANTE_E
   52          | procedimiento
   53          | agregados

   54 iden_array: IDENTIFICADOR CORIZ expresion CORDER
   55           | IDENTIFICADOR CORIZ expresion COMA expresion CORDER

   56 procedimiento: IDENTIFICADOR PARIZ lista_expresiones PARDER

   57 agregados: INICIO lista_expresiones FINBLO

   58 lista_expresiones: expresion
   59                  | lista_expresiones COMA expresion

   60 sentencia_if: alternativa_doble
   61             | alternativa_simple

   62 alternativa_simple: IF expresion sentencia

   63 alternativa_doble: IF expresion sentencia ELSE sentencia

   64 sentencia_while: WHILE PARIZ expresion PARDER sentencia

   65 sentencia_entrada: nomb_entrada lista_variables

   66 nomb_entrada: READ

   67 sentencia_salida: nomb_salida PARIZ lista_expresiones_o_cadena PARDER

   68 nomb_salida: WRITE

   69 expresion_o_cadena: expresion
   70                   | CADENA

   71 lista_expresiones_o_cadena: expresion_o_cadena
   72                           | lista_expresiones_o_cadena COMA expresion_o_cadena

   73 sentencia_case: SWITCH PARIZ IDENTIFICADOR PARDER INICIO caso caso_por_defecto FINBLO

   74 caso: CASE opcion DOSP sentencia BREAK PYC caso
   75     | /* empty */

   76 opcion: CONSTANTE_E
   77       | CARACTER

   78 caso_por_defecto: DEFAULT DOSP sentencia PYC
   79                 | /* empty */


Terminals, with rules where they appear

$end (0) 0
error (256)
MAIN (258) 2
INICIO (259) 57 73
FINBLO (260) 57 73
INICIOV (261) 11
FINV (262) 12
PYC (263) 15 16 41 42 74 78
COMA (264) 18 20 22 26 27 55 59 72
TIPOSIMPLE (265) 15 16 28 29 30
PROCED (266) 23
CORIZ (267) 4 19 20 29 30 54 55
CORDER (268) 5 19 20 29 30 54 55
IF (269) 62 63
ELSE (270) 63
WHILE (271) 64
READ (272) 66
WRITE (273) 68
SWITCH (274) 73
CASE (275) 74
DEFAULT (276) 78
DOSP (277) 74 78
BREAK (278) 74
CONSTANTE (279) 50
PARDER (280) 23 43 56 64 67 73
PARIZ (281) 23 43 56 64 67 73
CADENA (282) 70
IDENTIFICADOR (283) 17 18 19 20 23 28 29 30 42 54 55 56 73
CONSTANTE_E (284) 21 22 30 51 76
CARACTER (285) 77
ASIG (286) 41 42
OPU (287) 44
OPBLOG (288) 46
OPBIG (289) 45
OPB (290) 47
SUMA_RESTA (291) 48


Nonterminals, with rules where they appear

$accept (37)
    on left: 0
programa (38)
    on left: 1, on right: 0
cabecera_programa (39)
    on left: 2, on right: 1
bloque (40)
    on left: 3, on right: 1 8 33
inicio_de_bloque (41)
    on left: 4, on right: 3
fin_de_bloque (42)
    on left: 5, on right: 3
declar_de_subprogs (43)
    on left: 6 7, on right: 3 6
declar_subprog (44)
    on left: 8, on right: 6
declar_de_variables_locales (45)
    on left: 9 10, on right: 3
marca_ini_declar_variables (46)
    on left: 11, on right: 9
marca_fin_declar_variables (47)
    on left: 12, on right: 9
variables_locales (48)
    on left: 13 14, on right: 9 13
cuerpo_declar_variables (49)
    on left: 15 16, on right: 13 14
lista_variables (50)
    on left: 17 18, on right: 15 18 65
lista_array (51)
    on left: 19 20, on right: 16 20
dimension_array (52)
    on left: 21 22, on right: 19 20
cabecera_subprograma (53)
    on left: 23, on right: 8
declar_parametros (54)
    on left: 24 25 26 27, on right: 23 26 27
param_simple (55)
    on left: 28, on right: 24 26
param_array (56)
    on left: 29 30, on right: 25 27
sentencias (57)
    on left: 31 32, on right: 3 31
sentencia (58)
    on left: 33 34 35 36 37 38 39 40, on right: 31 32 62 63 64 74 78
sentencia_asignacion (59)
    on left: 41 42, on right: 34
expresion (60)
    on left: 43 44 45 46 47 48 49 50 51 52 53, on right: 41 42 43 44
    45 46 47 48 54 55 58 59 62 63 64 69
iden_array (61)
    on left: 54 55, on right: 41 49
procedimiento (62)
    on left: 56, on right: 39 52
agregados (63)
    on left: 57, on right: 53
lista_expresiones (64)
    on left: 58 59, on right: 56 57 59
sentencia_if (65)
    on left: 60 61, on right: 35
alternativa_simple (66)
    on left: 62, on right: 61
alternativa_doble (67)
    on left: 63, on right: 60
sentencia_while (68)
    on left: 64, on right: 36
sentencia_entrada (69)
    on left: 65, on right: 37
nomb_entrada (70)
    on left: 66, on right: 65
sentencia_salida (71)
    on left: 67, on right: 38
nomb_salida (72)
    on left: 68, on right: 67
expresion_o_cadena (73)
    on left: 69 70, on right: 71 72
lista_expresiones_o_cadena (74)
    on left: 71 72, on right: 67 72
sentencia_case (75)
    on left: 73, on right: 40
caso (76)
    on left: 74 75, on right: 73 74
opcion (77)
    on left: 76 77, on right: 74
caso_por_defecto (78)
    on left: 78 79, on right: 73


state 0

    0 $accept: . programa $end

    MAIN  shift, and go to state 1

    programa           go to state 2
    cabecera_programa  go to state 3


state 1

    2 cabecera_programa: MAIN .

    $default  reduce using rule 2 (cabecera_programa)


state 2

    0 $accept: programa . $end

    $end  shift, and go to state 4


state 3

    1 programa: cabecera_programa . bloque

    CORIZ  shift, and go to state 5

    bloque            go to state 6
    inicio_de_bloque  go to state 7


state 4

    0 $accept: programa $end .

    $default  accept


state 5

    4 inicio_de_bloque: CORIZ .

    $default  reduce using rule 4 (inicio_de_bloque)


state 6

    1 programa: cabecera_programa bloque .

    $default  reduce using rule 1 (programa)


state 7

    3 bloque: inicio_de_bloque . declar_de_variables_locales declar_de_subprogs sentencias fin_de_bloque

    INICIOV  shift, and go to state 8

    $default  reduce using rule 10 (declar_de_variables_locales)

    declar_de_variables_locales  go to state 9
    marca_ini_declar_variables   go to state 10


state 8

   11 marca_ini_declar_variables: INICIOV .

    $default  reduce using rule 11 (marca_ini_declar_variables)


state 9

    3 bloque: inicio_de_bloque declar_de_variables_locales . declar_de_subprogs sentencias fin_de_bloque

    $default  reduce using rule 7 (declar_de_subprogs)

    declar_de_subprogs  go to state 11


state 10

    9 declar_de_variables_locales: marca_ini_declar_variables . variables_locales marca_fin_declar_variables

    TIPOSIMPLE  shift, and go to state 12

    variables_locales        go to state 13
    cuerpo_declar_variables  go to state 14


state 11

    3 bloque: inicio_de_bloque declar_de_variables_locales declar_de_subprogs . sentencias fin_de_bloque
    6 declar_de_subprogs: declar_de_subprogs . declar_subprog

    PROCED         shift, and go to state 15
    CORIZ          shift, and go to state 5
    IF             shift, and go to state 16
    WHILE          shift, and go to state 17
    READ           shift, and go to state 18
    WRITE          shift, and go to state 19
    SWITCH         shift, and go to state 20
    IDENTIFICADOR  shift, and go to state 21

    bloque                go to state 22
    inicio_de_bloque      go to state 7
    declar_subprog        go to state 23
    cabecera_subprograma  go to state 24
    sentencias            go to state 25
    sentencia             go to state 26
    sentencia_asignacion  go to state 27
    iden_array            go to state 28
    procedimiento         go to state 29
    sentencia_if          go to state 30
    alternativa_simple    go to state 31
    alternativa_doble     go to state 32
    sentencia_while       go to state 33
    sentencia_entrada     go to state 34
    nomb_entrada          go to state 35
    sentencia_salida      go to state 36
    nomb_salida           go to state 37
    sentencia_case        go to state 38


state 12

   15 cuerpo_declar_variables: TIPOSIMPLE . lista_variables PYC
   16                        | TIPOSIMPLE . lista_array PYC

    IDENTIFICADOR  shift, and go to state 39

    lista_variables  go to state 40
    lista_array      go to state 41


state 13

    9 declar_de_variables_locales: marca_ini_declar_variables variables_locales . marca_fin_declar_variables
   13 variables_locales: variables_locales . cuerpo_declar_variables

    FINV        shift, and go to state 42
    TIPOSIMPLE  shift, and go to state 12

    marca_fin_declar_variables  go to state 43
    cuerpo_declar_variables     go to state 44


state 14

   14 variables_locales: cuerpo_declar_variables .

    $default  reduce using rule 14 (variables_locales)


state 15

   23 cabecera_subprograma: PROCED . IDENTIFICADOR PARIZ declar_parametros PARDER

    IDENTIFICADOR  shift, and go to state 45


state 16

   62 alternativa_simple: IF . expresion sentencia
   63 alternativa_doble: IF . expresion sentencia ELSE sentencia

    INICIO         shift, and go to state 46
    CONSTANTE      shift, and go to state 47
    PARIZ          shift, and go to state 48
    IDENTIFICADOR  shift, and go to state 49
    CONSTANTE_E    shift, and go to state 50
    OPU            shift, and go to state 51

    expresion      go to state 52
    iden_array     go to state 53
    procedimiento  go to state 54
    agregados      go to state 55


state 17

   64 sentencia_while: WHILE . PARIZ expresion PARDER sentencia

    PARIZ  shift, and go to state 56


state 18

   66 nomb_entrada: READ .

    $default  reduce using rule 66 (nomb_entrada)


state 19

   68 nomb_salida: WRITE .

    $default  reduce using rule 68 (nomb_salida)


state 20

   73 sentencia_case: SWITCH . PARIZ IDENTIFICADOR PARDER INICIO caso caso_por_defecto FINBLO

    PARIZ  shift, and go to state 57


state 21

   42 sentencia_asignacion: IDENTIFICADOR . ASIG expresion PYC
   54 iden_array: IDENTIFICADOR . CORIZ expresion CORDER
   55           | IDENTIFICADOR . CORIZ expresion COMA expresion CORDER
   56 procedimiento: IDENTIFICADOR . PARIZ lista_expresiones PARDER

    CORIZ  shift, and go to state 58
    PARIZ  shift, and go to state 59
    ASIG   shift, and go to state 60


state 22

   33 sentencia: bloque .

    $default  reduce using rule 33 (sentencia)


state 23

    6 declar_de_subprogs: declar_de_subprogs declar_subprog .

    $default  reduce using rule 6 (declar_de_subprogs)


state 24

    8 declar_subprog: cabecera_subprograma . bloque

    CORIZ  shift, and go to state 5

    bloque            go to state 61
    inicio_de_bloque  go to state 7


state 25

    3 bloque: inicio_de_bloque declar_de_variables_locales declar_de_subprogs sentencias . fin_de_bloque
   31 sentencias: sentencias . sentencia

    CORIZ          shift, and go to state 5
    CORDER         shift, and go to state 62
    IF             shift, and go to state 16
    WHILE          shift, and go to state 17
    READ           shift, and go to state 18
    WRITE          shift, and go to state 19
    SWITCH         shift, and go to state 20
    IDENTIFICADOR  shift, and go to state 21

    bloque                go to state 22
    inicio_de_bloque      go to state 7
    fin_de_bloque         go to state 63
    sentencia             go to state 64
    sentencia_asignacion  go to state 27
    iden_array            go to state 28
    procedimiento         go to state 29
    sentencia_if          go to state 30
    alternativa_simple    go to state 31
    alternativa_doble     go to state 32
    sentencia_while       go to state 33
    sentencia_entrada     go to state 34
    nomb_entrada          go to state 35
    sentencia_salida      go to state 36
    nomb_salida           go to state 37
    sentencia_case        go to state 38


state 26

   32 sentencias: sentencia .

    $default  reduce using rule 32 (sentencias)


state 27

   34 sentencia: sentencia_asignacion .

    $default  reduce using rule 34 (sentencia)


state 28

   41 sentencia_asignacion: iden_array . ASIG expresion PYC

    ASIG  shift, and go to state 65


state 29

   39 sentencia: procedimiento .

    $default  reduce using rule 39 (sentencia)


state 30

   35 sentencia: sentencia_if .

    $default  reduce using rule 35 (sentencia)


state 31

   61 sentencia_if: alternativa_simple .

    $default  reduce using rule 61 (sentencia_if)


state 32

   60 sentencia_if: alternativa_doble .

    $default  reduce using rule 60 (sentencia_if)


state 33

   36 sentencia: sentencia_while .

    $default  reduce using rule 36 (sentencia)


state 34

   37 sentencia: sentencia_entrada .

    $default  reduce using rule 37 (sentencia)


state 35

   65 sentencia_entrada: nomb_entrada . lista_variables

    IDENTIFICADOR  shift, and go to state 66

    lista_variables  go to state 67


state 36

   38 sentencia: sentencia_salida .

    $default  reduce using rule 38 (sentencia)


state 37

   67 sentencia_salida: nomb_salida . PARIZ lista_expresiones_o_cadena PARDER

    PARIZ  shift, and go to state 68


state 38

   40 sentencia: sentencia_case .

    $default  reduce using rule 40 (sentencia)


state 39

   17 lista_variables: IDENTIFICADOR .
   19 lista_array: IDENTIFICADOR . CORIZ dimension_array CORDER

    CORIZ  shift, and go to state 69

    $default  reduce using rule 17 (lista_variables)


state 40

   15 cuerpo_declar_variables: TIPOSIMPLE lista_variables . PYC
   18 lista_variables: lista_variables . COMA IDENTIFICADOR

    PYC   shift, and go to state 70
    COMA  shift, and go to state 71


state 41

   16 cuerpo_declar_variables: TIPOSIMPLE lista_array . PYC
   20 lista_array: lista_array . COMA IDENTIFICADOR CORIZ dimension_array CORDER

    PYC   shift, and go to state 72
    COMA  shift, and go to state 73


state 42

   12 marca_fin_declar_variables: FINV .

    $default  reduce using rule 12 (marca_fin_declar_variables)


state 43

    9 declar_de_variables_locales: marca_ini_declar_variables variables_locales marca_fin_declar_variables .

    $default  reduce using rule 9 (declar_de_variables_locales)


state 44

   13 variables_locales: variables_locales cuerpo_declar_variables .

    $default  reduce using rule 13 (variables_locales)


state 45

   23 cabecera_subprograma: PROCED IDENTIFICADOR . PARIZ declar_parametros PARDER

    PARIZ  shift, and go to state 74


state 46

   57 agregados: INICIO . lista_expresiones FINBLO

    INICIO         shift, and go to state 46
    CONSTANTE      shift, and go to state 47
    PARIZ          shift, and go to state 48
    IDENTIFICADOR  shift, and go to state 49
    CONSTANTE_E    shift, and go to state 50
    OPU            shift, and go to state 51

    expresion          go to state 75
    iden_array         go to state 53
    procedimiento      go to state 54
    agregados          go to state 55
    lista_expresiones  go to state 76


state 47

   50 expresion: CONSTANTE .

    $default  reduce using rule 50 (expresion)


state 48

   43 expresion: PARIZ . expresion PARDER

    INICIO         shift, and go to state 46
    CONSTANTE      shift, and go to state 47
    PARIZ          shift, and go to state 48
    IDENTIFICADOR  shift, and go to state 49
    CONSTANTE_E    shift, and go to state 50
    OPU            shift, and go to state 51

    expresion      go to state 77
    iden_array     go to state 53
    procedimiento  go to state 54
    agregados      go to state 55


state 49

   54 iden_array: IDENTIFICADOR . CORIZ expresion CORDER
   55           | IDENTIFICADOR . CORIZ expresion COMA expresion CORDER
   56 procedimiento: IDENTIFICADOR . PARIZ lista_expresiones PARDER

    CORIZ  shift, and go to state 58
    PARIZ  shift, and go to state 59


state 50

   51 expresion: CONSTANTE_E .

    $default  reduce using rule 51 (expresion)


state 51

   44 expresion: OPU . expresion

    INICIO         shift, and go to state 46
    CONSTANTE      shift, and go to state 47
    PARIZ          shift, and go to state 48
    IDENTIFICADOR  shift, and go to state 49
    CONSTANTE_E    shift, and go to state 50
    OPU            shift, and go to state 51

    expresion      go to state 78
    iden_array     go to state 53
    procedimiento  go to state 54
    agregados      go to state 55


state 52

   45 expresion: expresion . OPBIG expresion
   46          | expresion . OPBLOG expresion
   47          | expresion . OPB expresion
   48          | expresion . SUMA_RESTA expresion
   62 alternativa_simple: IF expresion . sentencia
   63 alternativa_doble: IF expresion . sentencia ELSE sentencia

    CORIZ          shift, and go to state 5
    IF             shift, and go to state 16
    WHILE          shift, and go to state 17
    READ           shift, and go to state 18
    WRITE          shift, and go to state 19
    SWITCH         shift, and go to state 20
    IDENTIFICADOR  shift, and go to state 21
    OPBLOG         shift, and go to state 79
    OPBIG          shift, and go to state 80
    OPB            shift, and go to state 81
    SUMA_RESTA     shift, and go to state 82

    bloque                go to state 22
    inicio_de_bloque      go to state 7
    sentencia             go to state 83
    sentencia_asignacion  go to state 27
    iden_array            go to state 28
    procedimiento         go to state 29
    sentencia_if          go to state 30
    alternativa_simple    go to state 31
    alternativa_doble     go to state 32
    sentencia_while       go to state 33
    sentencia_entrada     go to state 34
    nomb_entrada          go to state 35
    sentencia_salida      go to state 36
    nomb_salida           go to state 37
    sentencia_case        go to state 38


state 53

   49 expresion: iden_array .

    $default  reduce using rule 49 (expresion)


state 54

   52 expresion: procedimiento .

    $default  reduce using rule 52 (expresion)


state 55

   53 expresion: agregados .

    $default  reduce using rule 53 (expresion)


state 56

   64 sentencia_while: WHILE PARIZ . expresion PARDER sentencia

    INICIO         shift, and go to state 46
    CONSTANTE      shift, and go to state 47
    PARIZ          shift, and go to state 48
    IDENTIFICADOR  shift, and go to state 49
    CONSTANTE_E    shift, and go to state 50
    OPU            shift, and go to state 51

    expresion      go to state 84
    iden_array     go to state 53
    procedimiento  go to state 54
    agregados      go to state 55


state 57

   73 sentencia_case: SWITCH PARIZ . IDENTIFICADOR PARDER INICIO caso caso_por_defecto FINBLO

    IDENTIFICADOR  shift, and go to state 85


state 58

   54 iden_array: IDENTIFICADOR CORIZ . expresion CORDER
   55           | IDENTIFICADOR CORIZ . expresion COMA expresion CORDER

    INICIO         shift, and go to state 46
    CONSTANTE      shift, and go to state 47
    PARIZ          shift, and go to state 48
    IDENTIFICADOR  shift, and go to state 49
    CONSTANTE_E    shift, and go to state 50
    OPU            shift, and go to state 51

    expresion      go to state 86
    iden_array     go to state 53
    procedimiento  go to state 54
    agregados      go to state 55


state 59

   56 procedimiento: IDENTIFICADOR PARIZ . lista_expresiones PARDER

    INICIO         shift, and go to state 46
    CONSTANTE      shift, and go to state 47
    PARIZ          shift, and go to state 48
    IDENTIFICADOR  shift, and go to state 49
    CONSTANTE_E    shift, and go to state 50
    OPU            shift, and go to state 51

    expresion          go to state 75
    iden_array         go to state 53
    procedimiento      go to state 54
    agregados          go to state 55
    lista_expresiones  go to state 87


state 60

   42 sentencia_asignacion: IDENTIFICADOR ASIG . expresion PYC

    INICIO         shift, and go to state 46
    CONSTANTE      shift, and go to state 47
    PARIZ          shift, and go to state 48
    IDENTIFICADOR  shift, and go to state 49
    CONSTANTE_E    shift, and go to state 50
    OPU            shift, and go to state 51

    expresion      go to state 88
    iden_array     go to state 53
    procedimiento  go to state 54
    agregados      go to state 55


state 61

    8 declar_subprog: cabecera_subprograma bloque .

    $default  reduce using rule 8 (declar_subprog)


state 62

    5 fin_de_bloque: CORDER .

    $default  reduce using rule 5 (fin_de_bloque)


state 63

    3 bloque: inicio_de_bloque declar_de_variables_locales declar_de_subprogs sentencias fin_de_bloque .

    $default  reduce using rule 3 (bloque)


state 64

   31 sentencias: sentencias sentencia .

    $default  reduce using rule 31 (sentencias)


state 65

   41 sentencia_asignacion: iden_array ASIG . expresion PYC

    INICIO         shift, and go to state 46
    CONSTANTE      shift, and go to state 47
    PARIZ          shift, and go to state 48
    IDENTIFICADOR  shift, and go to state 49
    CONSTANTE_E    shift, and go to state 50
    OPU            shift, and go to state 51

    expresion      go to state 89
    iden_array     go to state 53
    procedimiento  go to state 54
    agregados      go to state 55


state 66

   17 lista_variables: IDENTIFICADOR .

    $default  reduce using rule 17 (lista_variables)


state 67

   18 lista_variables: lista_variables . COMA IDENTIFICADOR
   65 sentencia_entrada: nomb_entrada lista_variables .

    COMA  shift, and go to state 71

    $default  reduce using rule 65 (sentencia_entrada)


state 68

   67 sentencia_salida: nomb_salida PARIZ . lista_expresiones_o_cadena PARDER

    INICIO         shift, and go to state 46
    CONSTANTE      shift, and go to state 47
    PARIZ          shift, and go to state 48
    CADENA         shift, and go to state 90
    IDENTIFICADOR  shift, and go to state 49
    CONSTANTE_E    shift, and go to state 50
    OPU            shift, and go to state 51

    expresion                   go to state 91
    iden_array                  go to state 53
    procedimiento               go to state 54
    agregados                   go to state 55
    expresion_o_cadena          go to state 92
    lista_expresiones_o_cadena  go to state 93


state 69

   19 lista_array: IDENTIFICADOR CORIZ . dimension_array CORDER

    CONSTANTE_E  shift, and go to state 94

    dimension_array  go to state 95


state 70

   15 cuerpo_declar_variables: TIPOSIMPLE lista_variables PYC .

    $default  reduce using rule 15 (cuerpo_declar_variables)


state 71

   18 lista_variables: lista_variables COMA . IDENTIFICADOR

    IDENTIFICADOR  shift, and go to state 96


state 72

   16 cuerpo_declar_variables: TIPOSIMPLE lista_array PYC .

    $default  reduce using rule 16 (cuerpo_declar_variables)


state 73

   20 lista_array: lista_array COMA . IDENTIFICADOR CORIZ dimension_array CORDER

    IDENTIFICADOR  shift, and go to state 97


state 74

   23 cabecera_subprograma: PROCED IDENTIFICADOR PARIZ . declar_parametros PARDER

    TIPOSIMPLE  shift, and go to state 98

    declar_parametros  go to state 99
    param_simple       go to state 100
    param_array        go to state 101


state 75

   45 expresion: expresion . OPBIG expresion
   46          | expresion . OPBLOG expresion
   47          | expresion . OPB expresion
   48          | expresion . SUMA_RESTA expresion
   58 lista_expresiones: expresion .

    OPBLOG      shift, and go to state 79
    OPBIG       shift, and go to state 80
    OPB         shift, and go to state 81
    SUMA_RESTA  shift, and go to state 82

    $default  reduce using rule 58 (lista_expresiones)


state 76

   57 agregados: INICIO lista_expresiones . FINBLO
   59 lista_expresiones: lista_expresiones . COMA expresion

    FINBLO  shift, and go to state 102
    COMA    shift, and go to state 103


state 77

   43 expresion: PARIZ expresion . PARDER
   45          | expresion . OPBIG expresion
   46          | expresion . OPBLOG expresion
   47          | expresion . OPB expresion
   48          | expresion . SUMA_RESTA expresion

    PARDER      shift, and go to state 104
    OPBLOG      shift, and go to state 79
    OPBIG       shift, and go to state 80
    OPB         shift, and go to state 81
    SUMA_RESTA  shift, and go to state 82


state 78

   44 expresion: OPU expresion .
   45          | expresion . OPBIG expresion
   46          | expresion . OPBLOG expresion
   47          | expresion . OPB expresion
   48          | expresion . SUMA_RESTA expresion

    OPBLOG      shift, and go to state 79
    OPBIG       shift, and go to state 80
    OPB         shift, and go to state 81
    SUMA_RESTA  shift, and go to state 82

    $default  reduce using rule 44 (expresion)


state 79

   46 expresion: expresion OPBLOG . expresion

    INICIO         shift, and go to state 46
    CONSTANTE      shift, and go to state 47
    PARIZ          shift, and go to state 48
    IDENTIFICADOR  shift, and go to state 49
    CONSTANTE_E    shift, and go to state 50
    OPU            shift, and go to state 51

    expresion      go to state 105
    iden_array     go to state 53
    procedimiento  go to state 54
    agregados      go to state 55


state 80

   45 expresion: expresion OPBIG . expresion

    INICIO         shift, and go to state 46
    CONSTANTE      shift, and go to state 47
    PARIZ          shift, and go to state 48
    IDENTIFICADOR  shift, and go to state 49
    CONSTANTE_E    shift, and go to state 50
    OPU            shift, and go to state 51

    expresion      go to state 106
    iden_array     go to state 53
    procedimiento  go to state 54
    agregados      go to state 55


state 81

   47 expresion: expresion OPB . expresion

    INICIO         shift, and go to state 46
    CONSTANTE      shift, and go to state 47
    PARIZ          shift, and go to state 48
    IDENTIFICADOR  shift, and go to state 49
    CONSTANTE_E    shift, and go to state 50
    OPU            shift, and go to state 51

    expresion      go to state 107
    iden_array     go to state 53
    procedimiento  go to state 54
    agregados      go to state 55


state 82

   48 expresion: expresion SUMA_RESTA . expresion

    INICIO         shift, and go to state 46
    CONSTANTE      shift, and go to state 47
    PARIZ          shift, and go to state 48
    IDENTIFICADOR  shift, and go to state 49
    CONSTANTE_E    shift, and go to state 50
    OPU            shift, and go to state 51

    expresion      go to state 108
    iden_array     go to state 53
    procedimiento  go to state 54
    agregados      go to state 55


state 83

   62 alternativa_simple: IF expresion sentencia .
   63 alternativa_doble: IF expresion sentencia . ELSE sentencia

    ELSE  shift, and go to state 109

    ELSE      [reduce using rule 62 (alternativa_simple)]
    $default  reduce using rule 62 (alternativa_simple)


state 84

   45 expresion: expresion . OPBIG expresion
   46          | expresion . OPBLOG expresion
   47          | expresion . OPB expresion
   48          | expresion . SUMA_RESTA expresion
   64 sentencia_while: WHILE PARIZ expresion . PARDER sentencia

    PARDER      shift, and go to state 110
    OPBLOG      shift, and go to state 79
    OPBIG       shift, and go to state 80
    OPB         shift, and go to state 81
    SUMA_RESTA  shift, and go to state 82


state 85

   73 sentencia_case: SWITCH PARIZ IDENTIFICADOR . PARDER INICIO caso caso_por_defecto FINBLO

    PARDER  shift, and go to state 111


state 86

   45 expresion: expresion . OPBIG expresion
   46          | expresion . OPBLOG expresion
   47          | expresion . OPB expresion
   48          | expresion . SUMA_RESTA expresion
   54 iden_array: IDENTIFICADOR CORIZ expresion . CORDER
   55           | IDENTIFICADOR CORIZ expresion . COMA expresion CORDER

    COMA        shift, and go to state 112
    CORDER      shift, and go to state 113
    OPBLOG      shift, and go to state 79
    OPBIG       shift, and go to state 80
    OPB         shift, and go to state 81
    SUMA_RESTA  shift, and go to state 82


state 87

   56 procedimiento: IDENTIFICADOR PARIZ lista_expresiones . PARDER
   59 lista_expresiones: lista_expresiones . COMA expresion

    COMA    shift, and go to state 103
    PARDER  shift, and go to state 114


state 88

   42 sentencia_asignacion: IDENTIFICADOR ASIG expresion . PYC
   45 expresion: expresion . OPBIG expresion
   46          | expresion . OPBLOG expresion
   47          | expresion . OPB expresion
   48          | expresion . SUMA_RESTA expresion

    PYC         shift, and go to state 115
    OPBLOG      shift, and go to state 79
    OPBIG       shift, and go to state 80
    OPB         shift, and go to state 81
    SUMA_RESTA  shift, and go to state 82


state 89

   41 sentencia_asignacion: iden_array ASIG expresion . PYC
   45 expresion: expresion . OPBIG expresion
   46          | expresion . OPBLOG expresion
   47          | expresion . OPB expresion
   48          | expresion . SUMA_RESTA expresion

    PYC         shift, and go to state 116
    OPBLOG      shift, and go to state 79
    OPBIG       shift, and go to state 80
    OPB         shift, and go to state 81
    SUMA_RESTA  shift, and go to state 82


state 90

   70 expresion_o_cadena: CADENA .

    $default  reduce using rule 70 (expresion_o_cadena)


state 91

   45 expresion: expresion . OPBIG expresion
   46          | expresion . OPBLOG expresion
   47          | expresion . OPB expresion
   48          | expresion . SUMA_RESTA expresion
   69 expresion_o_cadena: expresion .

    OPBLOG      shift, and go to state 79
    OPBIG       shift, and go to state 80
    OPB         shift, and go to state 81
    SUMA_RESTA  shift, and go to state 82

    $default  reduce using rule 69 (expresion_o_cadena)


state 92

   71 lista_expresiones_o_cadena: expresion_o_cadena .

    $default  reduce using rule 71 (lista_expresiones_o_cadena)


state 93

   67 sentencia_salida: nomb_salida PARIZ lista_expresiones_o_cadena . PARDER
   72 lista_expresiones_o_cadena: lista_expresiones_o_cadena . COMA expresion_o_cadena

    COMA    shift, and go to state 117
    PARDER  shift, and go to state 118


state 94

   21 dimension_array: CONSTANTE_E .
   22                | CONSTANTE_E . COMA CONSTANTE_E

    COMA  shift, and go to state 119

    $default  reduce using rule 21 (dimension_array)


state 95

   19 lista_array: IDENTIFICADOR CORIZ dimension_array . CORDER

    CORDER  shift, and go to state 120


state 96

   18 lista_variables: lista_variables COMA IDENTIFICADOR .

    $default  reduce using rule 18 (lista_variables)


state 97

   20 lista_array: lista_array COMA IDENTIFICADOR . CORIZ dimension_array CORDER

    CORIZ  shift, and go to state 121


state 98

   28 param_simple: TIPOSIMPLE . IDENTIFICADOR
   29 param_array: TIPOSIMPLE . IDENTIFICADOR CORIZ CORDER
   30            | TIPOSIMPLE . IDENTIFICADOR CORIZ CORDER CORIZ CONSTANTE_E CORDER

    IDENTIFICADOR  shift, and go to state 122


state 99

   23 cabecera_subprograma: PROCED IDENTIFICADOR PARIZ declar_parametros . PARDER
   26 declar_parametros: declar_parametros . COMA param_simple
   27                  | declar_parametros . COMA param_array

    COMA    shift, and go to state 123
    PARDER  shift, and go to state 124


state 100

   24 declar_parametros: param_simple .

    $default  reduce using rule 24 (declar_parametros)


state 101

   25 declar_parametros: param_array .

    $default  reduce using rule 25 (declar_parametros)


state 102

   57 agregados: INICIO lista_expresiones FINBLO .

    $default  reduce using rule 57 (agregados)


state 103

   59 lista_expresiones: lista_expresiones COMA . expresion

    INICIO         shift, and go to state 46
    CONSTANTE      shift, and go to state 47
    PARIZ          shift, and go to state 48
    IDENTIFICADOR  shift, and go to state 49
    CONSTANTE_E    shift, and go to state 50
    OPU            shift, and go to state 51

    expresion      go to state 125
    iden_array     go to state 53
    procedimiento  go to state 54
    agregados      go to state 55


state 104

   43 expresion: PARIZ expresion PARDER .

    $default  reduce using rule 43 (expresion)


state 105

   45 expresion: expresion . OPBIG expresion
   46          | expresion . OPBLOG expresion
   46          | expresion OPBLOG expresion .
   47          | expresion . OPB expresion
   48          | expresion . SUMA_RESTA expresion

    OPBIG       shift, and go to state 80
    OPB         shift, and go to state 81
    SUMA_RESTA  shift, and go to state 82

    $default  reduce using rule 46 (expresion)


state 106

   45 expresion: expresion . OPBIG expresion
   45          | expresion OPBIG expresion .
   46          | expresion . OPBLOG expresion
   47          | expresion . OPB expresion
   48          | expresion . SUMA_RESTA expresion

    OPB         shift, and go to state 81
    SUMA_RESTA  shift, and go to state 82

    $default  reduce using rule 45 (expresion)


state 107

   45 expresion: expresion . OPBIG expresion
   46          | expresion . OPBLOG expresion
   47          | expresion . OPB expresion
   47          | expresion OPB expresion .
   48          | expresion . SUMA_RESTA expresion

    SUMA_RESTA  shift, and go to state 82

    $default  reduce using rule 47 (expresion)


state 108

   45 expresion: expresion . OPBIG expresion
   46          | expresion . OPBLOG expresion
   47          | expresion . OPB expresion
   48          | expresion . SUMA_RESTA expresion
   48          | expresion SUMA_RESTA expresion .

    $default  reduce using rule 48 (expresion)


state 109

   63 alternativa_doble: IF expresion sentencia ELSE . sentencia

    CORIZ          shift, and go to state 5
    IF             shift, and go to state 16
    WHILE          shift, and go to state 17
    READ           shift, and go to state 18
    WRITE          shift, and go to state 19
    SWITCH         shift, and go to state 20
    IDENTIFICADOR  shift, and go to state 21

    bloque                go to state 22
    inicio_de_bloque      go to state 7
    sentencia             go to state 126
    sentencia_asignacion  go to state 27
    iden_array            go to state 28
    procedimiento         go to state 29
    sentencia_if          go to state 30
    alternativa_simple    go to state 31
    alternativa_doble     go to state 32
    sentencia_while       go to state 33
    sentencia_entrada     go to state 34
    nomb_entrada          go to state 35
    sentencia_salida      go to state 36
    nomb_salida           go to state 37
    sentencia_case        go to state 38


state 110

   64 sentencia_while: WHILE PARIZ expresion PARDER . sentencia

    CORIZ          shift, and go to state 5
    IF             shift, and go to state 16
    WHILE          shift, and go to state 17
    READ           shift, and go to state 18
    WRITE          shift, and go to state 19
    SWITCH         shift, and go to state 20
    IDENTIFICADOR  shift, and go to state 21

    bloque                go to state 22
    inicio_de_bloque      go to state 7
    sentencia             go to state 127
    sentencia_asignacion  go to state 27
    iden_array            go to state 28
    procedimiento         go to state 29
    sentencia_if          go to state 30
    alternativa_simple    go to state 31
    alternativa_doble     go to state 32
    sentencia_while       go to state 33
    sentencia_entrada     go to state 34
    nomb_entrada          go to state 35
    sentencia_salida      go to state 36
    nomb_salida           go to state 37
    sentencia_case        go to state 38


state 111

   73 sentencia_case: SWITCH PARIZ IDENTIFICADOR PARDER . INICIO caso caso_por_defecto FINBLO

    INICIO  shift, and go to state 128


state 112

   55 iden_array: IDENTIFICADOR CORIZ expresion COMA . expresion CORDER

    INICIO         shift, and go to state 46
    CONSTANTE      shift, and go to state 47
    PARIZ          shift, and go to state 48
    IDENTIFICADOR  shift, and go to state 49
    CONSTANTE_E    shift, and go to state 50
    OPU            shift, and go to state 51

    expresion      go to state 129
    iden_array     go to state 53
    procedimiento  go to state 54
    agregados      go to state 55


state 113

   54 iden_array: IDENTIFICADOR CORIZ expresion CORDER .

    $default  reduce using rule 54 (iden_array)


state 114

   56 procedimiento: IDENTIFICADOR PARIZ lista_expresiones PARDER .

    $default  reduce using rule 56 (procedimiento)


state 115

   42 sentencia_asignacion: IDENTIFICADOR ASIG expresion PYC .

    $default  reduce using rule 42 (sentencia_asignacion)


state 116

   41 sentencia_asignacion: iden_array ASIG expresion PYC .

    $default  reduce using rule 41 (sentencia_asignacion)


state 117

   72 lista_expresiones_o_cadena: lista_expresiones_o_cadena COMA . expresion_o_cadena

    INICIO         shift, and go to state 46
    CONSTANTE      shift, and go to state 47
    PARIZ          shift, and go to state 48
    CADENA         shift, and go to state 90
    IDENTIFICADOR  shift, and go to state 49
    CONSTANTE_E    shift, and go to state 50
    OPU            shift, and go to state 51

    expresion           go to state 91
    iden_array          go to state 53
    procedimiento       go to state 54
    agregados           go to state 55
    expresion_o_cadena  go to state 130


state 118

   67 sentencia_salida: nomb_salida PARIZ lista_expresiones_o_cadena PARDER .

    $default  reduce using rule 67 (sentencia_salida)


state 119

   22 dimension_array: CONSTANTE_E COMA . CONSTANTE_E

    CONSTANTE_E  shift, and go to state 131


state 120

   19 lista_array: IDENTIFICADOR CORIZ dimension_array CORDER .

    $default  reduce using rule 19 (lista_array)


state 121

   20 lista_array: lista_array COMA IDENTIFICADOR CORIZ . dimension_array CORDER

    CONSTANTE_E  shift, and go to state 94

    dimension_array  go to state 132


state 122

   28 param_simple: TIPOSIMPLE IDENTIFICADOR .
   29 param_array: TIPOSIMPLE IDENTIFICADOR . CORIZ CORDER
   30            | TIPOSIMPLE IDENTIFICADOR . CORIZ CORDER CORIZ CONSTANTE_E CORDER

    CORIZ  shift, and go to state 133

    $default  reduce using rule 28 (param_simple)


state 123

   26 declar_parametros: declar_parametros COMA . param_simple
   27                  | declar_parametros COMA . param_array

    TIPOSIMPLE  shift, and go to state 98

    param_simple  go to state 134
    param_array   go to state 135


state 124

   23 cabecera_subprograma: PROCED IDENTIFICADOR PARIZ declar_parametros PARDER .

    $default  reduce using rule 23 (cabecera_subprograma)


state 125

   45 expresion: expresion . OPBIG expresion
   46          | expresion . OPBLOG expresion
   47          | expresion . OPB expresion
   48          | expresion . SUMA_RESTA expresion
   59 lista_expresiones: lista_expresiones COMA expresion .

    OPBLOG      shift, and go to state 79
    OPBIG       shift, and go to state 80
    OPB         shift, and go to state 81
    SUMA_RESTA  shift, and go to state 82

    $default  reduce using rule 59 (lista_expresiones)


state 126

   63 alternativa_doble: IF expresion sentencia ELSE sentencia .

    $default  reduce using rule 63 (alternativa_doble)


state 127

   64 sentencia_while: WHILE PARIZ expresion PARDER sentencia .

    $default  reduce using rule 64 (sentencia_while)


state 128

   73 sentencia_case: SWITCH PARIZ IDENTIFICADOR PARDER INICIO . caso caso_por_defecto FINBLO

    CASE  shift, and go to state 136

    $default  reduce using rule 75 (caso)

    caso  go to state 137


state 129

   45 expresion: expresion . OPBIG expresion
   46          | expresion . OPBLOG expresion
   47          | expresion . OPB expresion
   48          | expresion . SUMA_RESTA expresion
   55 iden_array: IDENTIFICADOR CORIZ expresion COMA expresion . CORDER

    CORDER      shift, and go to state 138
    OPBLOG      shift, and go to state 79
    OPBIG       shift, and go to state 80
    OPB         shift, and go to state 81
    SUMA_RESTA  shift, and go to state 82


state 130

   72 lista_expresiones_o_cadena: lista_expresiones_o_cadena COMA expresion_o_cadena .

    $default  reduce using rule 72 (lista_expresiones_o_cadena)


state 131

   22 dimension_array: CONSTANTE_E COMA CONSTANTE_E .

    $default  reduce using rule 22 (dimension_array)


state 132

   20 lista_array: lista_array COMA IDENTIFICADOR CORIZ dimension_array . CORDER

    CORDER  shift, and go to state 139


state 133

   29 param_array: TIPOSIMPLE IDENTIFICADOR CORIZ . CORDER
   30            | TIPOSIMPLE IDENTIFICADOR CORIZ . CORDER CORIZ CONSTANTE_E CORDER

    CORDER  shift, and go to state 140


state 134

   26 declar_parametros: declar_parametros COMA param_simple .

    $default  reduce using rule 26 (declar_parametros)


state 135

   27 declar_parametros: declar_parametros COMA param_array .

    $default  reduce using rule 27 (declar_parametros)


state 136

   74 caso: CASE . opcion DOSP sentencia BREAK PYC caso

    CONSTANTE_E  shift, and go to state 141
    CARACTER     shift, and go to state 142

    opcion  go to state 143


state 137

   73 sentencia_case: SWITCH PARIZ IDENTIFICADOR PARDER INICIO caso . caso_por_defecto FINBLO

    DEFAULT  shift, and go to state 144

    $default  reduce using rule 79 (caso_por_defecto)

    caso_por_defecto  go to state 145


state 138

   55 iden_array: IDENTIFICADOR CORIZ expresion COMA expresion CORDER .

    $default  reduce using rule 55 (iden_array)


state 139

   20 lista_array: lista_array COMA IDENTIFICADOR CORIZ dimension_array CORDER .

    $default  reduce using rule 20 (lista_array)


state 140

   29 param_array: TIPOSIMPLE IDENTIFICADOR CORIZ CORDER .
   30            | TIPOSIMPLE IDENTIFICADOR CORIZ CORDER . CORIZ CONSTANTE_E CORDER

    CORIZ  shift, and go to state 146

    $default  reduce using rule 29 (param_array)


state 141

   76 opcion: CONSTANTE_E .

    $default  reduce using rule 76 (opcion)


state 142

   77 opcion: CARACTER .

    $default  reduce using rule 77 (opcion)


state 143

   74 caso: CASE opcion . DOSP sentencia BREAK PYC caso

    DOSP  shift, and go to state 147


state 144

   78 caso_por_defecto: DEFAULT . DOSP sentencia PYC

    DOSP  shift, and go to state 148


state 145

   73 sentencia_case: SWITCH PARIZ IDENTIFICADOR PARDER INICIO caso caso_por_defecto . FINBLO

    FINBLO  shift, and go to state 149


state 146

   30 param_array: TIPOSIMPLE IDENTIFICADOR CORIZ CORDER CORIZ . CONSTANTE_E CORDER

    CONSTANTE_E  shift, and go to state 150


state 147

   74 caso: CASE opcion DOSP . sentencia BREAK PYC caso

    CORIZ          shift, and go to state 5
    IF             shift, and go to state 16
    WHILE          shift, and go to state 17
    READ           shift, and go to state 18
    WRITE          shift, and go to state 19
    SWITCH         shift, and go to state 20
    IDENTIFICADOR  shift, and go to state 21

    bloque                go to state 22
    inicio_de_bloque      go to state 7
    sentencia             go to state 151
    sentencia_asignacion  go to state 27
    iden_array            go to state 28
    procedimiento         go to state 29
    sentencia_if          go to state 30
    alternativa_simple    go to state 31
    alternativa_doble     go to state 32
    sentencia_while       go to state 33
    sentencia_entrada     go to state 34
    nomb_entrada          go to state 35
    sentencia_salida      go to state 36
    nomb_salida           go to state 37
    sentencia_case        go to state 38


state 148

   78 caso_por_defecto: DEFAULT DOSP . sentencia PYC

    CORIZ          shift, and go to state 5
    IF             shift, and go to state 16
    WHILE          shift, and go to state 17
    READ           shift, and go to state 18
    WRITE          shift, and go to state 19
    SWITCH         shift, and go to state 20
    IDENTIFICADOR  shift, and go to state 21

    bloque                go to state 22
    inicio_de_bloque      go to state 7
    sentencia             go to state 152
    sentencia_asignacion  go to state 27
    iden_array            go to state 28
    procedimiento         go to state 29
    sentencia_if          go to state 30
    alternativa_simple    go to state 31
    alternativa_doble     go to state 32
    sentencia_while       go to state 33
    sentencia_entrada     go to state 34
    nomb_entrada          go to state 35
    sentencia_salida      go to state 36
    nomb_salida           go to state 37
    sentencia_case        go to state 38


state 149

   73 sentencia_case: SWITCH PARIZ IDENTIFICADOR PARDER INICIO caso caso_por_defecto FINBLO .

    $default  reduce using rule 73 (sentencia_case)


state 150

   30 param_array: TIPOSIMPLE IDENTIFICADOR CORIZ CORDER CORIZ CONSTANTE_E . CORDER

    CORDER  shift, and go to state 153


state 151

   74 caso: CASE opcion DOSP sentencia . BREAK PYC caso

    BREAK  shift, and go to state 154


state 152

   78 caso_por_defecto: DEFAULT DOSP sentencia . PYC

    PYC  shift, and go to state 155


state 153

   30 param_array: TIPOSIMPLE IDENTIFICADOR CORIZ CORDER CORIZ CONSTANTE_E CORDER .

    $default  reduce using rule 30 (param_array)


state 154

   74 caso: CASE opcion DOSP sentencia BREAK . PYC caso

    PYC  shift, and go to state 156


state 155

   78 caso_por_defecto: DEFAULT DOSP sentencia PYC .

    $default  reduce using rule 78 (caso_por_defecto)


state 156

   74 caso: CASE opcion DOSP sentencia BREAK PYC . caso

    CASE  shift, and go to state 136

    $default  reduce using rule 75 (caso)

    caso  go to state 157


state 157

   74 caso: CASE opcion DOSP sentencia BREAK PYC caso .

    $default  reduce using rule 74 (caso)
