Estado 43 conflictos: 1 desplazamiento(s)/reducción(ones)


Gramática

    0 $accept: programa $end

    1 $@1: /* vacío */

    2 programa: $@1 cabecera_programa bloque

    3 cabecera_programa: MAIN

    4 $@2: /* vacío */

    5 $@3: /* vacío */

    6 bloque: INICIO $@2 declar_de_variables_locales $@3 declar_de_subprogs sentencias FINBLO

    7 declar_de_subprogs: declar_de_subprogs declar_subprog
    8                   | /* vacío */

    9 $@4: /* vacío */

   10 declar_subprog: cabecera_subprograma $@4 bloque

   11 $@5: /* vacío */

   12 cabecera_subprograma: PROCED IDENTIFICADOR PARIZ $@5 declar_parametros PARDER

   13 $@6: /* vacío */

   14 cabecera_subprograma: PROCED IDENTIFICADOR PARIZ $@6 PARDER

   15 $@7: /* vacío */

   16 declar_parametros: declar_parametros COMA TIPOSIMPLE $@7 iden

   17 $@8: /* vacío */

   18 declar_parametros: TIPOSIMPLE $@8 iden
   19                  | error

   20 iden: IDENTIFICADOR
   21     | IDENTIFICADOR CORIZ expresion CORDER
   22     | IDENTIFICADOR CORIZ expresion COMA expresion CORDER

   23 declar_de_variables_locales: INICIOV variables_locales FINV
   24                            | /* vacío */

   25 variables_locales: variables_locales cuerpo_decla_variables
   26                  | cuerpo_decla_variables
   27                  | error

   28 $@9: /* vacío */

   29 $@10: /* vacío */

   30 cuerpo_decla_variables: TIPOSIMPLE $@9 lista_variables $@10 PYC

   31 $@11: /* vacío */

   32 lista_variables: lista_variables COMA $@11 iden
   33                | iden
   34                | error

   35 sentencias: sentencias sentencia
   36           | sentencia

   37 sentencia: bloque
   38          | sentencia_asignacion
   39          | sentencia_if
   40          | sentencia_while
   41          | sentencia_entrada
   42          | sentencia_salida
   43          | procedimiento
   44          | sentencia_case
   45          | error

   46 $@12: /* vacío */

   47 $@13: /* vacío */

   48 sentencia_asignacion: iden $@12 ASIG expresion $@13 PYC

   49 expresion: PARIZ expresion PARDER
   50          | OPB_ADD expresion
   51          | expresion OPB_OR expresion
   52          | expresion OPB_AND expresion
   53          | expresion OPB_IG expresion
   54          | expresion OPB_REL expresion
   55          | expresion OPB_ADD expresion
   56          | expresion OPB_MUL expresion
   57          | OPU expresion
   58          | iden
   59          | CONSTANTE
   60          | CONSTANTE_E
   61          | CARACTER
   62          | agregados
   63          | error

   64 $@14: /* vacío */

   65 @15: /* vacío */

   66 procedimiento: IDENTIFICADOR PARIZ $@14 lista_expresiones PARDER @15 PYC

   67 @16: /* vacío */

   68 procedimiento: IDENTIFICADOR PARIZ PARDER @16 PYC

   69 agregados: INICIO lista_expresiones FINBLO

   70 lista_expresiones: lista_expresiones COMA expresion
   71                  | expresion

   72 sentencia_if: alternativa_doble
   73             | alternativa_simple

   74 alternativa_simple: if_expresion_sentencia

   75 $@17: /* vacío */

   76 alternativa_doble: if_expresion_sentencia ELSE $@17 sentencia

   77 $@18: /* vacío */

   78 if_expresion_sentencia: IF expresion $@18 sentencia

   79 $@19: /* vacío */

   80 sentencia_while: WHILE PARIZ expresion $@19 PARDER sentencia

   81 sentencia_entrada: READ lista_variables PYC

   82 sentencia_salida: WRITE lista_expresiones_o_cadena PYC

   83 lista_expresiones_o_cadena: lista_expresiones_o_cadena COMA expresion_o_cadena
   84                           | expresion_o_cadena

   85 expresion_o_cadena: expresion
   86                   | CADENA

   87 sentencia_case: SWITCH PARIZ IDENTIFICADOR PARDER INICIO casos caso_por_defecto FINBLO

   88 casos: casos CASE opcion DOSP sentencias BREAK PYC
   89      | /* vacío */

   90 opcion: CONSTANTE_E
   91       | CARACTER

   92 caso_por_defecto: DEFAULT DOSP sentencias
   93                 | /* vacío */


Terminales con las reglas donde aparecen

$end (0) 0
error (256) 19 27 34 45 63
MAIN (258) 3
INICIO (259) 6 69 87
FINBLO (260) 6 69 87
INICIOV (261) 23
FINV (262) 23
PYC (263) 30 48 66 68 81 82 88
COMA (264) 16 22 32 70 83
TIPOSIMPLE (265) 16 18 30
PROCED (266) 12 14
CORIZ (267) 21 22
CORDER (268) 21 22
IF (269) 78
ELSE (270) 76
WHILE (271) 80
READ (272) 81
WRITE (273) 82
SWITCH (274) 87
CASE (275) 88
DEFAULT (276) 92
DOSP (277) 88 92
BREAK (278) 88
CONSTANTE (279) 59
PARDER (280) 12 14 49 66 68 80 87
PARIZ (281) 12 14 49 66 68 80 87
CADENA (282) 86
IDENTIFICADOR (283) 12 14 20 21 22 66 68 87
CONSTANTE_E (284) 60 90
CARACTER (285) 61 91
ASIG (286) 48
OPB_OR (287) 51
OPB_AND (288) 52
OPB_IG (289) 53
OPB_REL (290) 54
OPB_ADD (291) 50 55
OPB_MUL (292) 56
OPU (293) 57


No terminales con las reglas donde aparecen

$accept (39)
    en la izquierda: 0
programa (40)
    en la izquierda: 2, en la derecha: 0
$@1 (41)
    en la izquierda: 1, en la derecha: 2
cabecera_programa (42)
    en la izquierda: 3, en la derecha: 2
bloque (43)
    en la izquierda: 6, en la derecha: 2 10 37
$@2 (44)
    en la izquierda: 4, en la derecha: 6
$@3 (45)
    en la izquierda: 5, en la derecha: 6
declar_de_subprogs (46)
    en la izquierda: 7 8, en la derecha: 6 7
declar_subprog (47)
    en la izquierda: 10, en la derecha: 7
$@4 (48)
    en la izquierda: 9, en la derecha: 10
cabecera_subprograma (49)
    en la izquierda: 12 14, en la derecha: 10
$@5 (50)
    en la izquierda: 11, en la derecha: 12
$@6 (51)
    en la izquierda: 13, en la derecha: 14
declar_parametros (52)
    en la izquierda: 16 18 19, en la derecha: 12 16
$@7 (53)
    en la izquierda: 15, en la derecha: 16
$@8 (54)
    en la izquierda: 17, en la derecha: 18
iden (55)
    en la izquierda: 20 21 22, en la derecha: 16 18 32 33 48 58
declar_de_variables_locales (56)
    en la izquierda: 23 24, en la derecha: 6
variables_locales (57)
    en la izquierda: 25 26 27, en la derecha: 23 25
cuerpo_decla_variables (58)
    en la izquierda: 30, en la derecha: 25 26
$@9 (59)
    en la izquierda: 28, en la derecha: 30
$@10 (60)
    en la izquierda: 29, en la derecha: 30
lista_variables (61)
    en la izquierda: 32 33 34, en la derecha: 30 32 81
$@11 (62)
    en la izquierda: 31, en la derecha: 32
sentencias (63)
    en la izquierda: 35 36, en la derecha: 6 35 88 92
sentencia (64)
    en la izquierda: 37 38 39 40 41 42 43 44 45, en la derecha: 35
    36 76 78 80
sentencia_asignacion (65)
    en la izquierda: 48, en la derecha: 38
$@12 (66)
    en la izquierda: 46, en la derecha: 48
$@13 (67)
    en la izquierda: 47, en la derecha: 48
expresion (68)
    en la izquierda: 49 50 51 52 53 54 55 56 57 58 59 60 61 62 63,
    en la derecha: 21 22 48 49 50 51 52 53 54 55 56 57 70 71 78 80
    85
procedimiento (69)
    en la izquierda: 66 68, en la derecha: 43
$@14 (70)
    en la izquierda: 64, en la derecha: 66
@15 (71)
    en la izquierda: 65, en la derecha: 66
@16 (72)
    en la izquierda: 67, en la derecha: 68
agregados (73)
    en la izquierda: 69, en la derecha: 62
lista_expresiones (74)
    en la izquierda: 70 71, en la derecha: 66 69 70
sentencia_if (75)
    en la izquierda: 72 73, en la derecha: 39
alternativa_simple (76)
    en la izquierda: 74, en la derecha: 73
alternativa_doble (77)
    en la izquierda: 76, en la derecha: 72
$@17 (78)
    en la izquierda: 75, en la derecha: 76
if_expresion_sentencia (79)
    en la izquierda: 78, en la derecha: 74 76
$@18 (80)
    en la izquierda: 77, en la derecha: 78
sentencia_while (81)
    en la izquierda: 80, en la derecha: 40
$@19 (82)
    en la izquierda: 79, en la derecha: 80
sentencia_entrada (83)
    en la izquierda: 81, en la derecha: 41
sentencia_salida (84)
    en la izquierda: 82, en la derecha: 42
lista_expresiones_o_cadena (85)
    en la izquierda: 83 84, en la derecha: 82 83
expresion_o_cadena (86)
    en la izquierda: 85 86, en la derecha: 83 84
sentencia_case (87)
    en la izquierda: 87, en la derecha: 44
casos (88)
    en la izquierda: 88 89, en la derecha: 87 88
opcion (89)
    en la izquierda: 90 91, en la derecha: 88
caso_por_defecto (90)
    en la izquierda: 92 93, en la derecha: 87


estado 0

    0 $accept: . programa $end

    $default  reduce usando la regla 1 ($@1)

    programa  ir al estado 1
    $@1       ir al estado 2


estado 1

    0 $accept: programa . $end

    $end  desplazar e ir al estado 3


estado 2

    2 programa: $@1 . cabecera_programa bloque

    MAIN  desplazar e ir al estado 4

    cabecera_programa  ir al estado 5


estado 3

    0 $accept: programa $end .

    $default  aceptar


estado 4

    3 cabecera_programa: MAIN .

    $default  reduce usando la regla 3 (cabecera_programa)


estado 5

    2 programa: $@1 cabecera_programa . bloque

    INICIO  desplazar e ir al estado 6

    bloque  ir al estado 7


estado 6

    6 bloque: INICIO . $@2 declar_de_variables_locales $@3 declar_de_subprogs sentencias FINBLO

    $default  reduce usando la regla 4 ($@2)

    $@2  ir al estado 8


estado 7

    2 programa: $@1 cabecera_programa bloque .

    $default  reduce usando la regla 2 (programa)


estado 8

    6 bloque: INICIO $@2 . declar_de_variables_locales $@3 declar_de_subprogs sentencias FINBLO

    INICIOV  desplazar e ir al estado 9

    $default  reduce usando la regla 24 (declar_de_variables_locales)

    declar_de_variables_locales  ir al estado 10


estado 9

   23 declar_de_variables_locales: INICIOV . variables_locales FINV

    error       desplazar e ir al estado 11
    TIPOSIMPLE  desplazar e ir al estado 12

    variables_locales       ir al estado 13
    cuerpo_decla_variables  ir al estado 14


estado 10

    6 bloque: INICIO $@2 declar_de_variables_locales . $@3 declar_de_subprogs sentencias FINBLO

    $default  reduce usando la regla 5 ($@3)

    $@3  ir al estado 15


estado 11

   27 variables_locales: error .

    $default  reduce usando la regla 27 (variables_locales)


estado 12

   30 cuerpo_decla_variables: TIPOSIMPLE . $@9 lista_variables $@10 PYC

    $default  reduce usando la regla 28 ($@9)

    $@9  ir al estado 16


estado 13

   23 declar_de_variables_locales: INICIOV variables_locales . FINV
   25 variables_locales: variables_locales . cuerpo_decla_variables

    FINV        desplazar e ir al estado 17
    TIPOSIMPLE  desplazar e ir al estado 12

    cuerpo_decla_variables  ir al estado 18


estado 14

   26 variables_locales: cuerpo_decla_variables .

    $default  reduce usando la regla 26 (variables_locales)


estado 15

    6 bloque: INICIO $@2 declar_de_variables_locales $@3 . declar_de_subprogs sentencias FINBLO

    $default  reduce usando la regla 8 (declar_de_subprogs)

    declar_de_subprogs  ir al estado 19


estado 16

   30 cuerpo_decla_variables: TIPOSIMPLE $@9 . lista_variables $@10 PYC

    error          desplazar e ir al estado 20
    IDENTIFICADOR  desplazar e ir al estado 21

    iden             ir al estado 22
    lista_variables  ir al estado 23


estado 17

   23 declar_de_variables_locales: INICIOV variables_locales FINV .

    $default  reduce usando la regla 23 (declar_de_variables_locales)


estado 18

   25 variables_locales: variables_locales cuerpo_decla_variables .

    $default  reduce usando la regla 25 (variables_locales)


estado 19

    6 bloque: INICIO $@2 declar_de_variables_locales $@3 declar_de_subprogs . sentencias FINBLO
    7 declar_de_subprogs: declar_de_subprogs . declar_subprog

    error          desplazar e ir al estado 24
    INICIO         desplazar e ir al estado 6
    PROCED         desplazar e ir al estado 25
    IF             desplazar e ir al estado 26
    WHILE          desplazar e ir al estado 27
    READ           desplazar e ir al estado 28
    WRITE          desplazar e ir al estado 29
    SWITCH         desplazar e ir al estado 30
    IDENTIFICADOR  desplazar e ir al estado 31

    bloque                  ir al estado 32
    declar_subprog          ir al estado 33
    cabecera_subprograma    ir al estado 34
    iden                    ir al estado 35
    sentencias              ir al estado 36
    sentencia               ir al estado 37
    sentencia_asignacion    ir al estado 38
    procedimiento           ir al estado 39
    sentencia_if            ir al estado 40
    alternativa_simple      ir al estado 41
    alternativa_doble       ir al estado 42
    if_expresion_sentencia  ir al estado 43
    sentencia_while         ir al estado 44
    sentencia_entrada       ir al estado 45
    sentencia_salida        ir al estado 46
    sentencia_case          ir al estado 47


estado 20

   34 lista_variables: error .

    $default  reduce usando la regla 34 (lista_variables)


estado 21

   20 iden: IDENTIFICADOR .
   21     | IDENTIFICADOR . CORIZ expresion CORDER
   22     | IDENTIFICADOR . CORIZ expresion COMA expresion CORDER

    CORIZ  desplazar e ir al estado 48

    $default  reduce usando la regla 20 (iden)


estado 22

   33 lista_variables: iden .

    $default  reduce usando la regla 33 (lista_variables)


estado 23

   30 cuerpo_decla_variables: TIPOSIMPLE $@9 lista_variables . $@10 PYC
   32 lista_variables: lista_variables . COMA $@11 iden

    COMA  desplazar e ir al estado 49

    $default  reduce usando la regla 29 ($@10)

    $@10  ir al estado 50


estado 24

   45 sentencia: error .

    $default  reduce usando la regla 45 (sentencia)


estado 25

   12 cabecera_subprograma: PROCED . IDENTIFICADOR PARIZ $@5 declar_parametros PARDER
   14                     | PROCED . IDENTIFICADOR PARIZ $@6 PARDER

    IDENTIFICADOR  desplazar e ir al estado 51


estado 26

   78 if_expresion_sentencia: IF . expresion $@18 sentencia

    error          desplazar e ir al estado 52
    INICIO         desplazar e ir al estado 53
    CONSTANTE      desplazar e ir al estado 54
    PARIZ          desplazar e ir al estado 55
    IDENTIFICADOR  desplazar e ir al estado 21
    CONSTANTE_E    desplazar e ir al estado 56
    CARACTER       desplazar e ir al estado 57
    OPB_ADD        desplazar e ir al estado 58
    OPU            desplazar e ir al estado 59

    iden       ir al estado 60
    expresion  ir al estado 61
    agregados  ir al estado 62


estado 27

   80 sentencia_while: WHILE . PARIZ expresion $@19 PARDER sentencia

    PARIZ  desplazar e ir al estado 63


estado 28

   81 sentencia_entrada: READ . lista_variables PYC

    error          desplazar e ir al estado 20
    IDENTIFICADOR  desplazar e ir al estado 21

    iden             ir al estado 22
    lista_variables  ir al estado 64


estado 29

   82 sentencia_salida: WRITE . lista_expresiones_o_cadena PYC

    error          desplazar e ir al estado 52
    INICIO         desplazar e ir al estado 53
    CONSTANTE      desplazar e ir al estado 54
    PARIZ          desplazar e ir al estado 55
    CADENA         desplazar e ir al estado 65
    IDENTIFICADOR  desplazar e ir al estado 21
    CONSTANTE_E    desplazar e ir al estado 56
    CARACTER       desplazar e ir al estado 57
    OPB_ADD        desplazar e ir al estado 58
    OPU            desplazar e ir al estado 59

    iden                        ir al estado 60
    expresion                   ir al estado 66
    agregados                   ir al estado 62
    lista_expresiones_o_cadena  ir al estado 67
    expresion_o_cadena          ir al estado 68


estado 30

   87 sentencia_case: SWITCH . PARIZ IDENTIFICADOR PARDER INICIO casos caso_por_defecto FINBLO

    PARIZ  desplazar e ir al estado 69


estado 31

   20 iden: IDENTIFICADOR .
   21     | IDENTIFICADOR . CORIZ expresion CORDER
   22     | IDENTIFICADOR . CORIZ expresion COMA expresion CORDER
   66 procedimiento: IDENTIFICADOR . PARIZ $@14 lista_expresiones PARDER @15 PYC
   68              | IDENTIFICADOR . PARIZ PARDER @16 PYC

    CORIZ  desplazar e ir al estado 48
    PARIZ  desplazar e ir al estado 70

    $default  reduce usando la regla 20 (iden)


estado 32

   37 sentencia: bloque .

    $default  reduce usando la regla 37 (sentencia)


estado 33

    7 declar_de_subprogs: declar_de_subprogs declar_subprog .

    $default  reduce usando la regla 7 (declar_de_subprogs)


estado 34

   10 declar_subprog: cabecera_subprograma . $@4 bloque

    $default  reduce usando la regla 9 ($@4)

    $@4  ir al estado 71


estado 35

   48 sentencia_asignacion: iden . $@12 ASIG expresion $@13 PYC

    $default  reduce usando la regla 46 ($@12)

    $@12  ir al estado 72


estado 36

    6 bloque: INICIO $@2 declar_de_variables_locales $@3 declar_de_subprogs sentencias . FINBLO
   35 sentencias: sentencias . sentencia

    error          desplazar e ir al estado 24
    INICIO         desplazar e ir al estado 6
    FINBLO         desplazar e ir al estado 73
    IF             desplazar e ir al estado 26
    WHILE          desplazar e ir al estado 27
    READ           desplazar e ir al estado 28
    WRITE          desplazar e ir al estado 29
    SWITCH         desplazar e ir al estado 30
    IDENTIFICADOR  desplazar e ir al estado 31

    bloque                  ir al estado 32
    iden                    ir al estado 35
    sentencia               ir al estado 74
    sentencia_asignacion    ir al estado 38
    procedimiento           ir al estado 39
    sentencia_if            ir al estado 40
    alternativa_simple      ir al estado 41
    alternativa_doble       ir al estado 42
    if_expresion_sentencia  ir al estado 43
    sentencia_while         ir al estado 44
    sentencia_entrada       ir al estado 45
    sentencia_salida        ir al estado 46
    sentencia_case          ir al estado 47


estado 37

   36 sentencias: sentencia .

    $default  reduce usando la regla 36 (sentencias)


estado 38

   38 sentencia: sentencia_asignacion .

    $default  reduce usando la regla 38 (sentencia)


estado 39

   43 sentencia: procedimiento .

    $default  reduce usando la regla 43 (sentencia)


estado 40

   39 sentencia: sentencia_if .

    $default  reduce usando la regla 39 (sentencia)


estado 41

   73 sentencia_if: alternativa_simple .

    $default  reduce usando la regla 73 (sentencia_if)


estado 42

   72 sentencia_if: alternativa_doble .

    $default  reduce usando la regla 72 (sentencia_if)


estado 43

   74 alternativa_simple: if_expresion_sentencia .
   76 alternativa_doble: if_expresion_sentencia . ELSE $@17 sentencia

    ELSE  desplazar e ir al estado 75

    ELSE      [reduce usando la regla 74 (alternativa_simple)]
    $default  reduce usando la regla 74 (alternativa_simple)


estado 44

   40 sentencia: sentencia_while .

    $default  reduce usando la regla 40 (sentencia)


estado 45

   41 sentencia: sentencia_entrada .

    $default  reduce usando la regla 41 (sentencia)


estado 46

   42 sentencia: sentencia_salida .

    $default  reduce usando la regla 42 (sentencia)


estado 47

   44 sentencia: sentencia_case .

    $default  reduce usando la regla 44 (sentencia)


estado 48

   21 iden: IDENTIFICADOR CORIZ . expresion CORDER
   22     | IDENTIFICADOR CORIZ . expresion COMA expresion CORDER

    error          desplazar e ir al estado 52
    INICIO         desplazar e ir al estado 53
    CONSTANTE      desplazar e ir al estado 54
    PARIZ          desplazar e ir al estado 55
    IDENTIFICADOR  desplazar e ir al estado 21
    CONSTANTE_E    desplazar e ir al estado 56
    CARACTER       desplazar e ir al estado 57
    OPB_ADD        desplazar e ir al estado 58
    OPU            desplazar e ir al estado 59

    iden       ir al estado 60
    expresion  ir al estado 76
    agregados  ir al estado 62


estado 49

   32 lista_variables: lista_variables COMA . $@11 iden

    $default  reduce usando la regla 31 ($@11)

    $@11  ir al estado 77


estado 50

   30 cuerpo_decla_variables: TIPOSIMPLE $@9 lista_variables $@10 . PYC

    PYC  desplazar e ir al estado 78


estado 51

   12 cabecera_subprograma: PROCED IDENTIFICADOR . PARIZ $@5 declar_parametros PARDER
   14                     | PROCED IDENTIFICADOR . PARIZ $@6 PARDER

    PARIZ  desplazar e ir al estado 79


estado 52

   63 expresion: error .

    $default  reduce usando la regla 63 (expresion)


estado 53

   69 agregados: INICIO . lista_expresiones FINBLO

    error          desplazar e ir al estado 52
    INICIO         desplazar e ir al estado 53
    CONSTANTE      desplazar e ir al estado 54
    PARIZ          desplazar e ir al estado 55
    IDENTIFICADOR  desplazar e ir al estado 21
    CONSTANTE_E    desplazar e ir al estado 56
    CARACTER       desplazar e ir al estado 57
    OPB_ADD        desplazar e ir al estado 58
    OPU            desplazar e ir al estado 59

    iden               ir al estado 60
    expresion          ir al estado 80
    agregados          ir al estado 62
    lista_expresiones  ir al estado 81


estado 54

   59 expresion: CONSTANTE .

    $default  reduce usando la regla 59 (expresion)


estado 55

   49 expresion: PARIZ . expresion PARDER

    error          desplazar e ir al estado 52
    INICIO         desplazar e ir al estado 53
    CONSTANTE      desplazar e ir al estado 54
    PARIZ          desplazar e ir al estado 55
    IDENTIFICADOR  desplazar e ir al estado 21
    CONSTANTE_E    desplazar e ir al estado 56
    CARACTER       desplazar e ir al estado 57
    OPB_ADD        desplazar e ir al estado 58
    OPU            desplazar e ir al estado 59

    iden       ir al estado 60
    expresion  ir al estado 82
    agregados  ir al estado 62


estado 56

   60 expresion: CONSTANTE_E .

    $default  reduce usando la regla 60 (expresion)


estado 57

   61 expresion: CARACTER .

    $default  reduce usando la regla 61 (expresion)


estado 58

   50 expresion: OPB_ADD . expresion

    error          desplazar e ir al estado 52
    INICIO         desplazar e ir al estado 53
    CONSTANTE      desplazar e ir al estado 54
    PARIZ          desplazar e ir al estado 55
    IDENTIFICADOR  desplazar e ir al estado 21
    CONSTANTE_E    desplazar e ir al estado 56
    CARACTER       desplazar e ir al estado 57
    OPB_ADD        desplazar e ir al estado 58
    OPU            desplazar e ir al estado 59

    iden       ir al estado 60
    expresion  ir al estado 83
    agregados  ir al estado 62


estado 59

   57 expresion: OPU . expresion

    error          desplazar e ir al estado 52
    INICIO         desplazar e ir al estado 53
    CONSTANTE      desplazar e ir al estado 54
    PARIZ          desplazar e ir al estado 55
    IDENTIFICADOR  desplazar e ir al estado 21
    CONSTANTE_E    desplazar e ir al estado 56
    CARACTER       desplazar e ir al estado 57
    OPB_ADD        desplazar e ir al estado 58
    OPU            desplazar e ir al estado 59

    iden       ir al estado 60
    expresion  ir al estado 84
    agregados  ir al estado 62


estado 60

   58 expresion: iden .

    $default  reduce usando la regla 58 (expresion)


estado 61

   51 expresion: expresion . OPB_OR expresion
   52          | expresion . OPB_AND expresion
   53          | expresion . OPB_IG expresion
   54          | expresion . OPB_REL expresion
   55          | expresion . OPB_ADD expresion
   56          | expresion . OPB_MUL expresion
   78 if_expresion_sentencia: IF expresion . $@18 sentencia

    OPB_OR   desplazar e ir al estado 85
    OPB_AND  desplazar e ir al estado 86
    OPB_IG   desplazar e ir al estado 87
    OPB_REL  desplazar e ir al estado 88
    OPB_ADD  desplazar e ir al estado 89
    OPB_MUL  desplazar e ir al estado 90

    $default  reduce usando la regla 77 ($@18)

    $@18  ir al estado 91


estado 62

   62 expresion: agregados .

    $default  reduce usando la regla 62 (expresion)


estado 63

   80 sentencia_while: WHILE PARIZ . expresion $@19 PARDER sentencia

    error          desplazar e ir al estado 52
    INICIO         desplazar e ir al estado 53
    CONSTANTE      desplazar e ir al estado 54
    PARIZ          desplazar e ir al estado 55
    IDENTIFICADOR  desplazar e ir al estado 21
    CONSTANTE_E    desplazar e ir al estado 56
    CARACTER       desplazar e ir al estado 57
    OPB_ADD        desplazar e ir al estado 58
    OPU            desplazar e ir al estado 59

    iden       ir al estado 60
    expresion  ir al estado 92
    agregados  ir al estado 62


estado 64

   32 lista_variables: lista_variables . COMA $@11 iden
   81 sentencia_entrada: READ lista_variables . PYC

    PYC   desplazar e ir al estado 93
    COMA  desplazar e ir al estado 49


estado 65

   86 expresion_o_cadena: CADENA .

    $default  reduce usando la regla 86 (expresion_o_cadena)


estado 66

   51 expresion: expresion . OPB_OR expresion
   52          | expresion . OPB_AND expresion
   53          | expresion . OPB_IG expresion
   54          | expresion . OPB_REL expresion
   55          | expresion . OPB_ADD expresion
   56          | expresion . OPB_MUL expresion
   85 expresion_o_cadena: expresion .

    OPB_OR   desplazar e ir al estado 85
    OPB_AND  desplazar e ir al estado 86
    OPB_IG   desplazar e ir al estado 87
    OPB_REL  desplazar e ir al estado 88
    OPB_ADD  desplazar e ir al estado 89
    OPB_MUL  desplazar e ir al estado 90

    $default  reduce usando la regla 85 (expresion_o_cadena)


estado 67

   82 sentencia_salida: WRITE lista_expresiones_o_cadena . PYC
   83 lista_expresiones_o_cadena: lista_expresiones_o_cadena . COMA expresion_o_cadena

    PYC   desplazar e ir al estado 94
    COMA  desplazar e ir al estado 95


estado 68

   84 lista_expresiones_o_cadena: expresion_o_cadena .

    $default  reduce usando la regla 84 (lista_expresiones_o_cadena)


estado 69

   87 sentencia_case: SWITCH PARIZ . IDENTIFICADOR PARDER INICIO casos caso_por_defecto FINBLO

    IDENTIFICADOR  desplazar e ir al estado 96


estado 70

   66 procedimiento: IDENTIFICADOR PARIZ . $@14 lista_expresiones PARDER @15 PYC
   68              | IDENTIFICADOR PARIZ . PARDER @16 PYC

    PARDER  desplazar e ir al estado 97

    $default  reduce usando la regla 64 ($@14)

    $@14  ir al estado 98


estado 71

   10 declar_subprog: cabecera_subprograma $@4 . bloque

    INICIO  desplazar e ir al estado 6

    bloque  ir al estado 99


estado 72

   48 sentencia_asignacion: iden $@12 . ASIG expresion $@13 PYC

    ASIG  desplazar e ir al estado 100


estado 73

    6 bloque: INICIO $@2 declar_de_variables_locales $@3 declar_de_subprogs sentencias FINBLO .

    $default  reduce usando la regla 6 (bloque)


estado 74

   35 sentencias: sentencias sentencia .

    $default  reduce usando la regla 35 (sentencias)


estado 75

   76 alternativa_doble: if_expresion_sentencia ELSE . $@17 sentencia

    $default  reduce usando la regla 75 ($@17)

    $@17  ir al estado 101


estado 76

   21 iden: IDENTIFICADOR CORIZ expresion . CORDER
   22     | IDENTIFICADOR CORIZ expresion . COMA expresion CORDER
   51 expresion: expresion . OPB_OR expresion
   52          | expresion . OPB_AND expresion
   53          | expresion . OPB_IG expresion
   54          | expresion . OPB_REL expresion
   55          | expresion . OPB_ADD expresion
   56          | expresion . OPB_MUL expresion

    COMA     desplazar e ir al estado 102
    CORDER   desplazar e ir al estado 103
    OPB_OR   desplazar e ir al estado 85
    OPB_AND  desplazar e ir al estado 86
    OPB_IG   desplazar e ir al estado 87
    OPB_REL  desplazar e ir al estado 88
    OPB_ADD  desplazar e ir al estado 89
    OPB_MUL  desplazar e ir al estado 90


estado 77

   32 lista_variables: lista_variables COMA $@11 . iden

    IDENTIFICADOR  desplazar e ir al estado 21

    iden  ir al estado 104


estado 78

   30 cuerpo_decla_variables: TIPOSIMPLE $@9 lista_variables $@10 PYC .

    $default  reduce usando la regla 30 (cuerpo_decla_variables)


estado 79

   12 cabecera_subprograma: PROCED IDENTIFICADOR PARIZ . $@5 declar_parametros PARDER
   14                     | PROCED IDENTIFICADOR PARIZ . $@6 PARDER

    PARDER    reduce usando la regla 13 ($@6)
    $default  reduce usando la regla 11 ($@5)

    $@5  ir al estado 105
    $@6  ir al estado 106


estado 80

   51 expresion: expresion . OPB_OR expresion
   52          | expresion . OPB_AND expresion
   53          | expresion . OPB_IG expresion
   54          | expresion . OPB_REL expresion
   55          | expresion . OPB_ADD expresion
   56          | expresion . OPB_MUL expresion
   71 lista_expresiones: expresion .

    OPB_OR   desplazar e ir al estado 85
    OPB_AND  desplazar e ir al estado 86
    OPB_IG   desplazar e ir al estado 87
    OPB_REL  desplazar e ir al estado 88
    OPB_ADD  desplazar e ir al estado 89
    OPB_MUL  desplazar e ir al estado 90

    $default  reduce usando la regla 71 (lista_expresiones)


estado 81

   69 agregados: INICIO lista_expresiones . FINBLO
   70 lista_expresiones: lista_expresiones . COMA expresion

    FINBLO  desplazar e ir al estado 107
    COMA    desplazar e ir al estado 108


estado 82

   49 expresion: PARIZ expresion . PARDER
   51          | expresion . OPB_OR expresion
   52          | expresion . OPB_AND expresion
   53          | expresion . OPB_IG expresion
   54          | expresion . OPB_REL expresion
   55          | expresion . OPB_ADD expresion
   56          | expresion . OPB_MUL expresion

    PARDER   desplazar e ir al estado 109
    OPB_OR   desplazar e ir al estado 85
    OPB_AND  desplazar e ir al estado 86
    OPB_IG   desplazar e ir al estado 87
    OPB_REL  desplazar e ir al estado 88
    OPB_ADD  desplazar e ir al estado 89
    OPB_MUL  desplazar e ir al estado 90


estado 83

   50 expresion: OPB_ADD expresion .
   51          | expresion . OPB_OR expresion
   52          | expresion . OPB_AND expresion
   53          | expresion . OPB_IG expresion
   54          | expresion . OPB_REL expresion
   55          | expresion . OPB_ADD expresion
   56          | expresion . OPB_MUL expresion

    $default  reduce usando la regla 50 (expresion)


estado 84

   51 expresion: expresion . OPB_OR expresion
   52          | expresion . OPB_AND expresion
   53          | expresion . OPB_IG expresion
   54          | expresion . OPB_REL expresion
   55          | expresion . OPB_ADD expresion
   56          | expresion . OPB_MUL expresion
   57          | OPU expresion .

    $default  reduce usando la regla 57 (expresion)


estado 85

   51 expresion: expresion OPB_OR . expresion

    error          desplazar e ir al estado 52
    INICIO         desplazar e ir al estado 53
    CONSTANTE      desplazar e ir al estado 54
    PARIZ          desplazar e ir al estado 55
    IDENTIFICADOR  desplazar e ir al estado 21
    CONSTANTE_E    desplazar e ir al estado 56
    CARACTER       desplazar e ir al estado 57
    OPB_ADD        desplazar e ir al estado 58
    OPU            desplazar e ir al estado 59

    iden       ir al estado 60
    expresion  ir al estado 110
    agregados  ir al estado 62


estado 86

   52 expresion: expresion OPB_AND . expresion

    error          desplazar e ir al estado 52
    INICIO         desplazar e ir al estado 53
    CONSTANTE      desplazar e ir al estado 54
    PARIZ          desplazar e ir al estado 55
    IDENTIFICADOR  desplazar e ir al estado 21
    CONSTANTE_E    desplazar e ir al estado 56
    CARACTER       desplazar e ir al estado 57
    OPB_ADD        desplazar e ir al estado 58
    OPU            desplazar e ir al estado 59

    iden       ir al estado 60
    expresion  ir al estado 111
    agregados  ir al estado 62


estado 87

   53 expresion: expresion OPB_IG . expresion

    error          desplazar e ir al estado 52
    INICIO         desplazar e ir al estado 53
    CONSTANTE      desplazar e ir al estado 54
    PARIZ          desplazar e ir al estado 55
    IDENTIFICADOR  desplazar e ir al estado 21
    CONSTANTE_E    desplazar e ir al estado 56
    CARACTER       desplazar e ir al estado 57
    OPB_ADD        desplazar e ir al estado 58
    OPU            desplazar e ir al estado 59

    iden       ir al estado 60
    expresion  ir al estado 112
    agregados  ir al estado 62


estado 88

   54 expresion: expresion OPB_REL . expresion

    error          desplazar e ir al estado 52
    INICIO         desplazar e ir al estado 53
    CONSTANTE      desplazar e ir al estado 54
    PARIZ          desplazar e ir al estado 55
    IDENTIFICADOR  desplazar e ir al estado 21
    CONSTANTE_E    desplazar e ir al estado 56
    CARACTER       desplazar e ir al estado 57
    OPB_ADD        desplazar e ir al estado 58
    OPU            desplazar e ir al estado 59

    iden       ir al estado 60
    expresion  ir al estado 113
    agregados  ir al estado 62


estado 89

   55 expresion: expresion OPB_ADD . expresion

    error          desplazar e ir al estado 52
    INICIO         desplazar e ir al estado 53
    CONSTANTE      desplazar e ir al estado 54
    PARIZ          desplazar e ir al estado 55
    IDENTIFICADOR  desplazar e ir al estado 21
    CONSTANTE_E    desplazar e ir al estado 56
    CARACTER       desplazar e ir al estado 57
    OPB_ADD        desplazar e ir al estado 58
    OPU            desplazar e ir al estado 59

    iden       ir al estado 60
    expresion  ir al estado 114
    agregados  ir al estado 62


estado 90

   56 expresion: expresion OPB_MUL . expresion

    error          desplazar e ir al estado 52
    INICIO         desplazar e ir al estado 53
    CONSTANTE      desplazar e ir al estado 54
    PARIZ          desplazar e ir al estado 55
    IDENTIFICADOR  desplazar e ir al estado 21
    CONSTANTE_E    desplazar e ir al estado 56
    CARACTER       desplazar e ir al estado 57
    OPB_ADD        desplazar e ir al estado 58
    OPU            desplazar e ir al estado 59

    iden       ir al estado 60
    expresion  ir al estado 115
    agregados  ir al estado 62


estado 91

   78 if_expresion_sentencia: IF expresion $@18 . sentencia

    error          desplazar e ir al estado 24
    INICIO         desplazar e ir al estado 6
    IF             desplazar e ir al estado 26
    WHILE          desplazar e ir al estado 27
    READ           desplazar e ir al estado 28
    WRITE          desplazar e ir al estado 29
    SWITCH         desplazar e ir al estado 30
    IDENTIFICADOR  desplazar e ir al estado 31

    bloque                  ir al estado 32
    iden                    ir al estado 35
    sentencia               ir al estado 116
    sentencia_asignacion    ir al estado 38
    procedimiento           ir al estado 39
    sentencia_if            ir al estado 40
    alternativa_simple      ir al estado 41
    alternativa_doble       ir al estado 42
    if_expresion_sentencia  ir al estado 43
    sentencia_while         ir al estado 44
    sentencia_entrada       ir al estado 45
    sentencia_salida        ir al estado 46
    sentencia_case          ir al estado 47


estado 92

   51 expresion: expresion . OPB_OR expresion
   52          | expresion . OPB_AND expresion
   53          | expresion . OPB_IG expresion
   54          | expresion . OPB_REL expresion
   55          | expresion . OPB_ADD expresion
   56          | expresion . OPB_MUL expresion
   80 sentencia_while: WHILE PARIZ expresion . $@19 PARDER sentencia

    OPB_OR   desplazar e ir al estado 85
    OPB_AND  desplazar e ir al estado 86
    OPB_IG   desplazar e ir al estado 87
    OPB_REL  desplazar e ir al estado 88
    OPB_ADD  desplazar e ir al estado 89
    OPB_MUL  desplazar e ir al estado 90

    $default  reduce usando la regla 79 ($@19)

    $@19  ir al estado 117


estado 93

   81 sentencia_entrada: READ lista_variables PYC .

    $default  reduce usando la regla 81 (sentencia_entrada)


estado 94

   82 sentencia_salida: WRITE lista_expresiones_o_cadena PYC .

    $default  reduce usando la regla 82 (sentencia_salida)


estado 95

   83 lista_expresiones_o_cadena: lista_expresiones_o_cadena COMA . expresion_o_cadena

    error          desplazar e ir al estado 52
    INICIO         desplazar e ir al estado 53
    CONSTANTE      desplazar e ir al estado 54
    PARIZ          desplazar e ir al estado 55
    CADENA         desplazar e ir al estado 65
    IDENTIFICADOR  desplazar e ir al estado 21
    CONSTANTE_E    desplazar e ir al estado 56
    CARACTER       desplazar e ir al estado 57
    OPB_ADD        desplazar e ir al estado 58
    OPU            desplazar e ir al estado 59

    iden                ir al estado 60
    expresion           ir al estado 66
    agregados           ir al estado 62
    expresion_o_cadena  ir al estado 118


estado 96

   87 sentencia_case: SWITCH PARIZ IDENTIFICADOR . PARDER INICIO casos caso_por_defecto FINBLO

    PARDER  desplazar e ir al estado 119


estado 97

   68 procedimiento: IDENTIFICADOR PARIZ PARDER . @16 PYC

    $default  reduce usando la regla 67 (@16)

    @16  ir al estado 120


estado 98

   66 procedimiento: IDENTIFICADOR PARIZ $@14 . lista_expresiones PARDER @15 PYC

    error          desplazar e ir al estado 52
    INICIO         desplazar e ir al estado 53
    CONSTANTE      desplazar e ir al estado 54
    PARIZ          desplazar e ir al estado 55
    IDENTIFICADOR  desplazar e ir al estado 21
    CONSTANTE_E    desplazar e ir al estado 56
    CARACTER       desplazar e ir al estado 57
    OPB_ADD        desplazar e ir al estado 58
    OPU            desplazar e ir al estado 59

    iden               ir al estado 60
    expresion          ir al estado 80
    agregados          ir al estado 62
    lista_expresiones  ir al estado 121


estado 99

   10 declar_subprog: cabecera_subprograma $@4 bloque .

    $default  reduce usando la regla 10 (declar_subprog)


estado 100

   48 sentencia_asignacion: iden $@12 ASIG . expresion $@13 PYC

    error          desplazar e ir al estado 52
    INICIO         desplazar e ir al estado 53
    CONSTANTE      desplazar e ir al estado 54
    PARIZ          desplazar e ir al estado 55
    IDENTIFICADOR  desplazar e ir al estado 21
    CONSTANTE_E    desplazar e ir al estado 56
    CARACTER       desplazar e ir al estado 57
    OPB_ADD        desplazar e ir al estado 58
    OPU            desplazar e ir al estado 59

    iden       ir al estado 60
    expresion  ir al estado 122
    agregados  ir al estado 62


estado 101

   76 alternativa_doble: if_expresion_sentencia ELSE $@17 . sentencia

    error          desplazar e ir al estado 24
    INICIO         desplazar e ir al estado 6
    IF             desplazar e ir al estado 26
    WHILE          desplazar e ir al estado 27
    READ           desplazar e ir al estado 28
    WRITE          desplazar e ir al estado 29
    SWITCH         desplazar e ir al estado 30
    IDENTIFICADOR  desplazar e ir al estado 31

    bloque                  ir al estado 32
    iden                    ir al estado 35
    sentencia               ir al estado 123
    sentencia_asignacion    ir al estado 38
    procedimiento           ir al estado 39
    sentencia_if            ir al estado 40
    alternativa_simple      ir al estado 41
    alternativa_doble       ir al estado 42
    if_expresion_sentencia  ir al estado 43
    sentencia_while         ir al estado 44
    sentencia_entrada       ir al estado 45
    sentencia_salida        ir al estado 46
    sentencia_case          ir al estado 47


estado 102

   22 iden: IDENTIFICADOR CORIZ expresion COMA . expresion CORDER

    error          desplazar e ir al estado 52
    INICIO         desplazar e ir al estado 53
    CONSTANTE      desplazar e ir al estado 54
    PARIZ          desplazar e ir al estado 55
    IDENTIFICADOR  desplazar e ir al estado 21
    CONSTANTE_E    desplazar e ir al estado 56
    CARACTER       desplazar e ir al estado 57
    OPB_ADD        desplazar e ir al estado 58
    OPU            desplazar e ir al estado 59

    iden       ir al estado 60
    expresion  ir al estado 124
    agregados  ir al estado 62


estado 103

   21 iden: IDENTIFICADOR CORIZ expresion CORDER .

    $default  reduce usando la regla 21 (iden)


estado 104

   32 lista_variables: lista_variables COMA $@11 iden .

    $default  reduce usando la regla 32 (lista_variables)


estado 105

   12 cabecera_subprograma: PROCED IDENTIFICADOR PARIZ $@5 . declar_parametros PARDER

    error       desplazar e ir al estado 125
    TIPOSIMPLE  desplazar e ir al estado 126

    declar_parametros  ir al estado 127


estado 106

   14 cabecera_subprograma: PROCED IDENTIFICADOR PARIZ $@6 . PARDER

    PARDER  desplazar e ir al estado 128


estado 107

   69 agregados: INICIO lista_expresiones FINBLO .

    $default  reduce usando la regla 69 (agregados)


estado 108

   70 lista_expresiones: lista_expresiones COMA . expresion

    error          desplazar e ir al estado 52
    INICIO         desplazar e ir al estado 53
    CONSTANTE      desplazar e ir al estado 54
    PARIZ          desplazar e ir al estado 55
    IDENTIFICADOR  desplazar e ir al estado 21
    CONSTANTE_E    desplazar e ir al estado 56
    CARACTER       desplazar e ir al estado 57
    OPB_ADD        desplazar e ir al estado 58
    OPU            desplazar e ir al estado 59

    iden       ir al estado 60
    expresion  ir al estado 129
    agregados  ir al estado 62


estado 109

   49 expresion: PARIZ expresion PARDER .

    $default  reduce usando la regla 49 (expresion)


estado 110

   51 expresion: expresion . OPB_OR expresion
   51          | expresion OPB_OR expresion .
   52          | expresion . OPB_AND expresion
   53          | expresion . OPB_IG expresion
   54          | expresion . OPB_REL expresion
   55          | expresion . OPB_ADD expresion
   56          | expresion . OPB_MUL expresion

    OPB_AND  desplazar e ir al estado 86
    OPB_IG   desplazar e ir al estado 87
    OPB_REL  desplazar e ir al estado 88
    OPB_ADD  desplazar e ir al estado 89
    OPB_MUL  desplazar e ir al estado 90

    $default  reduce usando la regla 51 (expresion)


estado 111

   51 expresion: expresion . OPB_OR expresion
   52          | expresion . OPB_AND expresion
   52          | expresion OPB_AND expresion .
   53          | expresion . OPB_IG expresion
   54          | expresion . OPB_REL expresion
   55          | expresion . OPB_ADD expresion
   56          | expresion . OPB_MUL expresion

    OPB_IG   desplazar e ir al estado 87
    OPB_REL  desplazar e ir al estado 88
    OPB_ADD  desplazar e ir al estado 89
    OPB_MUL  desplazar e ir al estado 90

    $default  reduce usando la regla 52 (expresion)


estado 112

   51 expresion: expresion . OPB_OR expresion
   52          | expresion . OPB_AND expresion
   53          | expresion . OPB_IG expresion
   53          | expresion OPB_IG expresion .
   54          | expresion . OPB_REL expresion
   55          | expresion . OPB_ADD expresion
   56          | expresion . OPB_MUL expresion

    OPB_REL  desplazar e ir al estado 88
    OPB_ADD  desplazar e ir al estado 89
    OPB_MUL  desplazar e ir al estado 90

    $default  reduce usando la regla 53 (expresion)


estado 113

   51 expresion: expresion . OPB_OR expresion
   52          | expresion . OPB_AND expresion
   53          | expresion . OPB_IG expresion
   54          | expresion . OPB_REL expresion
   54          | expresion OPB_REL expresion .
   55          | expresion . OPB_ADD expresion
   56          | expresion . OPB_MUL expresion

    OPB_ADD  desplazar e ir al estado 89
    OPB_MUL  desplazar e ir al estado 90

    $default  reduce usando la regla 54 (expresion)


estado 114

   51 expresion: expresion . OPB_OR expresion
   52          | expresion . OPB_AND expresion
   53          | expresion . OPB_IG expresion
   54          | expresion . OPB_REL expresion
   55          | expresion . OPB_ADD expresion
   55          | expresion OPB_ADD expresion .
   56          | expresion . OPB_MUL expresion

    OPB_MUL  desplazar e ir al estado 90

    $default  reduce usando la regla 55 (expresion)


estado 115

   51 expresion: expresion . OPB_OR expresion
   52          | expresion . OPB_AND expresion
   53          | expresion . OPB_IG expresion
   54          | expresion . OPB_REL expresion
   55          | expresion . OPB_ADD expresion
   56          | expresion . OPB_MUL expresion
   56          | expresion OPB_MUL expresion .

    $default  reduce usando la regla 56 (expresion)


estado 116

   78 if_expresion_sentencia: IF expresion $@18 sentencia .

    $default  reduce usando la regla 78 (if_expresion_sentencia)


estado 117

   80 sentencia_while: WHILE PARIZ expresion $@19 . PARDER sentencia

    PARDER  desplazar e ir al estado 130


estado 118

   83 lista_expresiones_o_cadena: lista_expresiones_o_cadena COMA expresion_o_cadena .

    $default  reduce usando la regla 83 (lista_expresiones_o_cadena)


estado 119

   87 sentencia_case: SWITCH PARIZ IDENTIFICADOR PARDER . INICIO casos caso_por_defecto FINBLO

    INICIO  desplazar e ir al estado 131


estado 120

   68 procedimiento: IDENTIFICADOR PARIZ PARDER @16 . PYC

    PYC  desplazar e ir al estado 132


estado 121

   66 procedimiento: IDENTIFICADOR PARIZ $@14 lista_expresiones . PARDER @15 PYC
   70 lista_expresiones: lista_expresiones . COMA expresion

    COMA    desplazar e ir al estado 108
    PARDER  desplazar e ir al estado 133


estado 122

   48 sentencia_asignacion: iden $@12 ASIG expresion . $@13 PYC
   51 expresion: expresion . OPB_OR expresion
   52          | expresion . OPB_AND expresion
   53          | expresion . OPB_IG expresion
   54          | expresion . OPB_REL expresion
   55          | expresion . OPB_ADD expresion
   56          | expresion . OPB_MUL expresion

    OPB_OR   desplazar e ir al estado 85
    OPB_AND  desplazar e ir al estado 86
    OPB_IG   desplazar e ir al estado 87
    OPB_REL  desplazar e ir al estado 88
    OPB_ADD  desplazar e ir al estado 89
    OPB_MUL  desplazar e ir al estado 90

    $default  reduce usando la regla 47 ($@13)

    $@13  ir al estado 134


estado 123

   76 alternativa_doble: if_expresion_sentencia ELSE $@17 sentencia .

    $default  reduce usando la regla 76 (alternativa_doble)


estado 124

   22 iden: IDENTIFICADOR CORIZ expresion COMA expresion . CORDER
   51 expresion: expresion . OPB_OR expresion
   52          | expresion . OPB_AND expresion
   53          | expresion . OPB_IG expresion
   54          | expresion . OPB_REL expresion
   55          | expresion . OPB_ADD expresion
   56          | expresion . OPB_MUL expresion

    CORDER   desplazar e ir al estado 135
    OPB_OR   desplazar e ir al estado 85
    OPB_AND  desplazar e ir al estado 86
    OPB_IG   desplazar e ir al estado 87
    OPB_REL  desplazar e ir al estado 88
    OPB_ADD  desplazar e ir al estado 89
    OPB_MUL  desplazar e ir al estado 90


estado 125

   19 declar_parametros: error .

    $default  reduce usando la regla 19 (declar_parametros)


estado 126

   18 declar_parametros: TIPOSIMPLE . $@8 iden

    $default  reduce usando la regla 17 ($@8)

    $@8  ir al estado 136


estado 127

   12 cabecera_subprograma: PROCED IDENTIFICADOR PARIZ $@5 declar_parametros . PARDER
   16 declar_parametros: declar_parametros . COMA TIPOSIMPLE $@7 iden

    COMA    desplazar e ir al estado 137
    PARDER  desplazar e ir al estado 138


estado 128

   14 cabecera_subprograma: PROCED IDENTIFICADOR PARIZ $@6 PARDER .

    $default  reduce usando la regla 14 (cabecera_subprograma)


estado 129

   51 expresion: expresion . OPB_OR expresion
   52          | expresion . OPB_AND expresion
   53          | expresion . OPB_IG expresion
   54          | expresion . OPB_REL expresion
   55          | expresion . OPB_ADD expresion
   56          | expresion . OPB_MUL expresion
   70 lista_expresiones: lista_expresiones COMA expresion .

    OPB_OR   desplazar e ir al estado 85
    OPB_AND  desplazar e ir al estado 86
    OPB_IG   desplazar e ir al estado 87
    OPB_REL  desplazar e ir al estado 88
    OPB_ADD  desplazar e ir al estado 89
    OPB_MUL  desplazar e ir al estado 90

    $default  reduce usando la regla 70 (lista_expresiones)


estado 130

   80 sentencia_while: WHILE PARIZ expresion $@19 PARDER . sentencia

    error          desplazar e ir al estado 24
    INICIO         desplazar e ir al estado 6
    IF             desplazar e ir al estado 26
    WHILE          desplazar e ir al estado 27
    READ           desplazar e ir al estado 28
    WRITE          desplazar e ir al estado 29
    SWITCH         desplazar e ir al estado 30
    IDENTIFICADOR  desplazar e ir al estado 31

    bloque                  ir al estado 32
    iden                    ir al estado 35
    sentencia               ir al estado 139
    sentencia_asignacion    ir al estado 38
    procedimiento           ir al estado 39
    sentencia_if            ir al estado 40
    alternativa_simple      ir al estado 41
    alternativa_doble       ir al estado 42
    if_expresion_sentencia  ir al estado 43
    sentencia_while         ir al estado 44
    sentencia_entrada       ir al estado 45
    sentencia_salida        ir al estado 46
    sentencia_case          ir al estado 47


estado 131

   87 sentencia_case: SWITCH PARIZ IDENTIFICADOR PARDER INICIO . casos caso_por_defecto FINBLO

    $default  reduce usando la regla 89 (casos)

    casos  ir al estado 140


estado 132

   68 procedimiento: IDENTIFICADOR PARIZ PARDER @16 PYC .

    $default  reduce usando la regla 68 (procedimiento)


estado 133

   66 procedimiento: IDENTIFICADOR PARIZ $@14 lista_expresiones PARDER . @15 PYC

    $default  reduce usando la regla 65 (@15)

    @15  ir al estado 141


estado 134

   48 sentencia_asignacion: iden $@12 ASIG expresion $@13 . PYC

    PYC  desplazar e ir al estado 142


estado 135

   22 iden: IDENTIFICADOR CORIZ expresion COMA expresion CORDER .

    $default  reduce usando la regla 22 (iden)


estado 136

   18 declar_parametros: TIPOSIMPLE $@8 . iden

    IDENTIFICADOR  desplazar e ir al estado 21

    iden  ir al estado 143


estado 137

   16 declar_parametros: declar_parametros COMA . TIPOSIMPLE $@7 iden

    TIPOSIMPLE  desplazar e ir al estado 144


estado 138

   12 cabecera_subprograma: PROCED IDENTIFICADOR PARIZ $@5 declar_parametros PARDER .

    $default  reduce usando la regla 12 (cabecera_subprograma)


estado 139

   80 sentencia_while: WHILE PARIZ expresion $@19 PARDER sentencia .

    $default  reduce usando la regla 80 (sentencia_while)


estado 140

   87 sentencia_case: SWITCH PARIZ IDENTIFICADOR PARDER INICIO casos . caso_por_defecto FINBLO
   88 casos: casos . CASE opcion DOSP sentencias BREAK PYC

    CASE     desplazar e ir al estado 145
    DEFAULT  desplazar e ir al estado 146

    $default  reduce usando la regla 93 (caso_por_defecto)

    caso_por_defecto  ir al estado 147


estado 141

   66 procedimiento: IDENTIFICADOR PARIZ $@14 lista_expresiones PARDER @15 . PYC

    PYC  desplazar e ir al estado 148


estado 142

   48 sentencia_asignacion: iden $@12 ASIG expresion $@13 PYC .

    $default  reduce usando la regla 48 (sentencia_asignacion)


estado 143

   18 declar_parametros: TIPOSIMPLE $@8 iden .

    $default  reduce usando la regla 18 (declar_parametros)


estado 144

   16 declar_parametros: declar_parametros COMA TIPOSIMPLE . $@7 iden

    $default  reduce usando la regla 15 ($@7)

    $@7  ir al estado 149


estado 145

   88 casos: casos CASE . opcion DOSP sentencias BREAK PYC

    CONSTANTE_E  desplazar e ir al estado 150
    CARACTER     desplazar e ir al estado 151

    opcion  ir al estado 152


estado 146

   92 caso_por_defecto: DEFAULT . DOSP sentencias

    DOSP  desplazar e ir al estado 153


estado 147

   87 sentencia_case: SWITCH PARIZ IDENTIFICADOR PARDER INICIO casos caso_por_defecto . FINBLO

    FINBLO  desplazar e ir al estado 154


estado 148

   66 procedimiento: IDENTIFICADOR PARIZ $@14 lista_expresiones PARDER @15 PYC .

    $default  reduce usando la regla 66 (procedimiento)


estado 149

   16 declar_parametros: declar_parametros COMA TIPOSIMPLE $@7 . iden

    IDENTIFICADOR  desplazar e ir al estado 21

    iden  ir al estado 155


estado 150

   90 opcion: CONSTANTE_E .

    $default  reduce usando la regla 90 (opcion)


estado 151

   91 opcion: CARACTER .

    $default  reduce usando la regla 91 (opcion)


estado 152

   88 casos: casos CASE opcion . DOSP sentencias BREAK PYC

    DOSP  desplazar e ir al estado 156


estado 153

   92 caso_por_defecto: DEFAULT DOSP . sentencias

    error          desplazar e ir al estado 24
    INICIO         desplazar e ir al estado 6
    IF             desplazar e ir al estado 26
    WHILE          desplazar e ir al estado 27
    READ           desplazar e ir al estado 28
    WRITE          desplazar e ir al estado 29
    SWITCH         desplazar e ir al estado 30
    IDENTIFICADOR  desplazar e ir al estado 31

    bloque                  ir al estado 32
    iden                    ir al estado 35
    sentencias              ir al estado 157
    sentencia               ir al estado 37
    sentencia_asignacion    ir al estado 38
    procedimiento           ir al estado 39
    sentencia_if            ir al estado 40
    alternativa_simple      ir al estado 41
    alternativa_doble       ir al estado 42
    if_expresion_sentencia  ir al estado 43
    sentencia_while         ir al estado 44
    sentencia_entrada       ir al estado 45
    sentencia_salida        ir al estado 46
    sentencia_case          ir al estado 47


estado 154

   87 sentencia_case: SWITCH PARIZ IDENTIFICADOR PARDER INICIO casos caso_por_defecto FINBLO .

    $default  reduce usando la regla 87 (sentencia_case)


estado 155

   16 declar_parametros: declar_parametros COMA TIPOSIMPLE $@7 iden .

    $default  reduce usando la regla 16 (declar_parametros)


estado 156

   88 casos: casos CASE opcion DOSP . sentencias BREAK PYC

    error          desplazar e ir al estado 24
    INICIO         desplazar e ir al estado 6
    IF             desplazar e ir al estado 26
    WHILE          desplazar e ir al estado 27
    READ           desplazar e ir al estado 28
    WRITE          desplazar e ir al estado 29
    SWITCH         desplazar e ir al estado 30
    IDENTIFICADOR  desplazar e ir al estado 31

    bloque                  ir al estado 32
    iden                    ir al estado 35
    sentencias              ir al estado 158
    sentencia               ir al estado 37
    sentencia_asignacion    ir al estado 38
    procedimiento           ir al estado 39
    sentencia_if            ir al estado 40
    alternativa_simple      ir al estado 41
    alternativa_doble       ir al estado 42
    if_expresion_sentencia  ir al estado 43
    sentencia_while         ir al estado 44
    sentencia_entrada       ir al estado 45
    sentencia_salida        ir al estado 46
    sentencia_case          ir al estado 47


estado 157

   35 sentencias: sentencias . sentencia
   92 caso_por_defecto: DEFAULT DOSP sentencias .

    error          desplazar e ir al estado 24
    INICIO         desplazar e ir al estado 6
    IF             desplazar e ir al estado 26
    WHILE          desplazar e ir al estado 27
    READ           desplazar e ir al estado 28
    WRITE          desplazar e ir al estado 29
    SWITCH         desplazar e ir al estado 30
    IDENTIFICADOR  desplazar e ir al estado 31

    FINBLO  reduce usando la regla 92 (caso_por_defecto)

    bloque                  ir al estado 32
    iden                    ir al estado 35
    sentencia               ir al estado 74
    sentencia_asignacion    ir al estado 38
    procedimiento           ir al estado 39
    sentencia_if            ir al estado 40
    alternativa_simple      ir al estado 41
    alternativa_doble       ir al estado 42
    if_expresion_sentencia  ir al estado 43
    sentencia_while         ir al estado 44
    sentencia_entrada       ir al estado 45
    sentencia_salida        ir al estado 46
    sentencia_case          ir al estado 47


estado 158

   35 sentencias: sentencias . sentencia
   88 casos: casos CASE opcion DOSP sentencias . BREAK PYC

    error          desplazar e ir al estado 24
    INICIO         desplazar e ir al estado 6
    IF             desplazar e ir al estado 26
    WHILE          desplazar e ir al estado 27
    READ           desplazar e ir al estado 28
    WRITE          desplazar e ir al estado 29
    SWITCH         desplazar e ir al estado 30
    BREAK          desplazar e ir al estado 159
    IDENTIFICADOR  desplazar e ir al estado 31

    bloque                  ir al estado 32
    iden                    ir al estado 35
    sentencia               ir al estado 74
    sentencia_asignacion    ir al estado 38
    procedimiento           ir al estado 39
    sentencia_if            ir al estado 40
    alternativa_simple      ir al estado 41
    alternativa_doble       ir al estado 42
    if_expresion_sentencia  ir al estado 43
    sentencia_while         ir al estado 44
    sentencia_entrada       ir al estado 45
    sentencia_salida        ir al estado 46
    sentencia_case          ir al estado 47


estado 159

   88 casos: casos CASE opcion DOSP sentencias BREAK . PYC

    PYC  desplazar e ir al estado 160


estado 160

   88 casos: casos CASE opcion DOSP sentencias BREAK PYC .

    $default  reduce usando la regla 88 (casos)
